{"logTime": "0625/155056", "correlationVector":"f/XU2lSD0M6eOwbZXxHFe+.1","action":"SyncServerConnectionManagerRequest", "result":"SYNC_SERVER_OK", "context":{"environment":"Prod_southeastasia_prod-s01-064-apac-southeastasia", "migrationStage":"NotStarted", "server":"akswtt00800002g"}}
{"logTime": "0625/155056", "correlationVector":"f/XU2lSD0M6eOwbZXxHFe+.2","action":"ProcessGetUpdates", "result":"Done", "context":{"dataType":"Encryption Keys", "deleted":"0", "process_failed_to_decrypt":"0", "process_pending_decryption":"0", "process_success":"1", "total":"1"}}
{"logTime": "0625/155057", "correlationVector":"lx1nJI/OUZhnh7ELBcfetl","action":"SyncServerConnectionManagerRequest", "result":"SYNC_SERVER_OK", "context":{"environment":"", "migrationStage":"", "server":""}}
{"logTime": "0625/155057", "correlationVector":"lx1nJI/OUZhnh7ELBcfetl.0","action":"EncryptionKeysFetcher.DownloadKeys:", "result":"Success", "context":Key count: 5, Last key timestamp: 2025-01-26T19:12:55Z}
{"logTime": "0625/155057", "correlationVector":"lx1nJI/OUZhnh7ELBcfetl.1","action":"EncryptionKeysManager::SetEncryptionKeys:", "result":"Success", "context":Key names[5]:[SpN49Jm9qgWDnSWGl//HtsAjc/BSDSm15yrymMPqdY46QImgwHDfOzk7ymKv7spuce/f8IDNav9nKbGDmk8A1w==][0GQuoEBsxtNTIeoBjv2Q3E5NTtFDfVlPrImxhWmuQz0wgd+8FQdlaTdspT0zG+j6dlGoKCX/5aQT60UNMU3mBg==][xLkxbCIJ2l77Co9IC4+MxmJAj+BmnBhm6CQEAZdpFG9+SXVfT8B2sIYpWp7gN3CeYO9g7abhlAmGf3LKKTd8rw==][dSEMZfPF4eb/gxTVA1RVSqceVxvUH4iojs8NK70hUQXcPPmUOgDpuQ3bTPTZALHGT9YtgEKhDSBxlWVfNOcSmg==][/PRKsogdeGowjohR1k0KfQH7XmRfnJao1QxTyUI1AN+79EeORrySjmqnlCjSasGnZdDaqTQK65jSos+BjcW+rg==]}
{"logTime": "0625/155057", "correlationVector":"lx1nJI/OUZhnh7ELBcfetl.2","action":"EncryptionKeysManager::SetEncryptionKeysWithTimestamps:", "result":"Success", "context":Key timestamps[5]:[2022-05-30T13:22:54Z][2023-08-03T08:50:55Z][2024-01-31T03:35:21Z][2024-07-29T06:27:56Z][2025-01-26T19:12:55Z]}
{"logTime": "0625/155057", "correlationVector":"f/XU2lSD0M6eOwbZXxHFe+","action":"Initial GetUpdates", "result":"", "context":Reason: NEW_CLIENT. cV=f/XU2lSD0M6eOwbZXxHFe+}
{"logTime": "0625/155057", "correlationVector":"f/XU2lSD0M6eOwbZXxHFe+.3","action":"GetUpdates Response", "result":"Success", "context":Received 1 update(s). cV=f/XU2lSD0M6eOwbZXxHFe+.0;server=akswtt00800002g;cloudType=Consumer;environment=Prod_southeastasia_prod-s01-064-apac-southeastasia;migrationStage=NotStarted}
{"logTime": "0625/155057", "correlationVector":"sxRt6xZzKmHH+FFqoS6OR8","action":"Initial GetUpdates", "result":"", "context":Reason: NEWLY_SUPPORTED_DATATYPE. cV=sxRt6xZzKmHH+FFqoS6OR8}
{"logTime": "0625/155057", "correlationVector":"sxRt6xZzKmHH+FFqoS6OR8.1","action":"SyncServerConnectionManagerRequest", "result":"SYNC_SERVER_OK", "context":{"environment":"Prod_southeastasia_prod-s01-064-apac-southeastasia", "migrationStage":"NotStarted", "server":"akswtt00800000t"}}
{"logTime": "0625/155057", "correlationVector":"sxRt6xZzKmHH+FFqoS6OR8.2","action":"ProcessGetUpdates", "result":"Done", "context":{"dataType":"Passwords", "deleted":"24", "process_failed_to_decrypt":"0", "process_pending_decryption":"0", "process_success":"156", "total":"156"}}
{"logTime": "0625/155057", "correlationVector":"sxRt6xZzKmHH+FFqoS6OR8.3","action":"GetUpdates Response", "result":"Success", "context":Received 156 update(s). cV=sxRt6xZzKmHH+FFqoS6OR8.0;server=akswtt00800000t;cloudType=Consumer;environment=Prod_southeastasia_prod-s01-064-apac-southeastasia;migrationStage=NotStarted}
{"logTime": "0625/155057", "correlationVector":"1xH9fMcfoVyfJz1sfCpZzI","action":"Initial GetUpdates", "result":"", "context":Reason: NEWLY_SUPPORTED_DATATYPE. cV=1xH9fMcfoVyfJz1sfCpZzI}
{"logTime": "0625/155059", "correlationVector":"1xH9fMcfoVyfJz1sfCpZzI.1","action":"SyncServerConnectionManagerRequest", "result":"SYNC_SERVER_OK", "context":{"environment":"Prod_southeastasia_prod-s01-064-apac-southeastasia", "migrationStage":"NotStarted", "server":"akswtt00800002j"}}
{"logTime": "0625/155059", "correlationVector":"1xH9fMcfoVyfJz1sfCpZzI.2","action":"ProcessGetUpdates", "result":"Done", "context":{"dataType":"Bookmarks", "deleted":"121", "process_failed_to_decrypt":"0", "process_pending_decryption":"0", "process_success":"217", "total":"217"}}
{"logTime": "0625/155059", "correlationVector":"1xH9fMcfoVyfJz1sfCpZzI.3","action":"GetUpdates Response", "result":"Success", "context":Received 217 update(s). cV=1xH9fMcfoVyfJz1sfCpZzI.0;server=akswtt00800002j;cloudType=Consumer;environment=Prod_southeastasia_prod-s01-064-apac-southeastasia;migrationStage=NotStarted}
{"logTime": "0625/155059", "correlationVector":"lRZbx4JH9SpohqoWMBFkMC","action":"Initial GetUpdates", "result":"", "context":Reason: NEWLY_SUPPORTED_DATATYPE. cV=lRZbx4JH9SpohqoWMBFkMC}
{"logTime": "0625/155100", "correlationVector":"lRZbx4JH9SpohqoWMBFkMC.1","action":"SyncServerConnectionManagerRequest", "result":"SYNC_SERVER_OK", "context":{"environment":"Prod_southeastasia_prod-s01-064-apac-southeastasia", "migrationStage":"NotStarted", "server":"akswtt008000035"}}
{"logTime": "0625/155100", "correlationVector":"lRZbx4JH9SpohqoWMBFkMC.2","action":"ProcessGetUpdates", "result":"Done", "context":{"dataType":"Autofill Profiles", "deleted":"0", "process_failed_to_decrypt":"0", "process_pending_decryption":"0", "process_success":"15", "total":"15"}}
{"logTime": "0625/155100", "correlationVector":"lRZbx4JH9SpohqoWMBFkMC.3","action":"ProcessGetUpdates", "result":"Done", "context":{"dataType":"Autofill", "deleted":"0", "process_failed_to_decrypt":"0", "process_pending_decryption":"0", "process_success":"235", "total":"235"}}
{"logTime": "0625/155100", "correlationVector":"lRZbx4JH9SpohqoWMBFkMC.4","action":"GetUpdates Response", "result":"Success", "context":Received 250 update(s). cV=lRZbx4JH9SpohqoWMBFkMC.0;server=akswtt008000035;cloudType=Consumer;environment=Prod_southeastasia_prod-s01-064-apac-southeastasia;migrationStage=NotStarted Some updates remain.}
{"logTime": "0625/155100", "correlationVector":"ydVg84dOTdOiNBS2rVzrfC","action":"Initial GetUpdates", "result":"", "context":Reason: NEWLY_SUPPORTED_DATATYPE. cV=ydVg84dOTdOiNBS2rVzrfC}
{"logTime": "0625/155101", "correlationVector":"ydVg84dOTdOiNBS2rVzrfC.1","action":"SyncServerConnectionManagerRequest", "result":"SYNC_SERVER_OK", "context":{"environment":"Prod_southeastasia_prod-s01-064-apac-southeastasia", "migrationStage":"NotStarted", "server":"akswtt00800000h"}}
{"logTime": "0625/155101", "correlationVector":"ydVg84dOTdOiNBS2rVzrfC.2","action":"ProcessGetUpdates", "result":"Done", "context":{"dataType":"Autofill", "deleted":"0", "process_failed_to_decrypt":"0", "process_pending_decryption":"0", "process_success":"250", "total":"250"}}
{"logTime": "0625/155101", "correlationVector":"ydVg84dOTdOiNBS2rVzrfC.3","action":"GetUpdates Response", "result":"Success", "context":Received 250 update(s). cV=ydVg84dOTdOiNBS2rVzrfC.0;server=akswtt00800000h;cloudType=Consumer;environment=Prod_southeastasia_prod-s01-064-apac-southeastasia;migrationStage=NotStarted Some updates remain.}
{"logTime": "0625/155101", "correlationVector":"BxWBv/EtMr5Zh6zxTPTS+Q","action":"Initial GetUpdates", "result":"", "context":Reason: NEWLY_SUPPORTED_DATATYPE. cV=BxWBv/EtMr5Zh6zxTPTS+Q}
{"logTime": "0625/155102", "correlationVector":"BxWBv/EtMr5Zh6zxTPTS+Q.1","action":"SyncServerConnectionManagerRequest", "result":"SYNC_SERVER_OK", "context":{"environment":"Prod_southeastasia_prod-s01-064-apac-southeastasia", "migrationStage":"NotStarted", "server":"akswtt008000047"}}
{"logTime": "0625/155102", "correlationVector":"BxWBv/EtMr5Zh6zxTPTS+Q.2","action":"ProcessGetUpdates", "result":"Done", "context":{"dataType":"Autofill", "deleted":"0", "process_failed_to_decrypt":"0", "process_pending_decryption":"0", "process_success":"250", "total":"250"}}
{"logTime": "0625/155102", "correlationVector":"BxWBv/EtMr5Zh6zxTPTS+Q.3","action":"GetUpdates Response", "result":"Success", "context":Received 250 update(s). cV=BxWBv/EtMr5Zh6zxTPTS+Q.0;server=akswtt008000047;cloudType=Consumer;environment=Prod_southeastasia_prod-s01-064-apac-southeastasia;migrationStage=NotStarted Some updates remain.}
{"logTime": "0625/155102", "correlationVector":"a82SGkIFVglaTkJM8y4C3D","action":"Initial GetUpdates", "result":"", "context":Reason: NEWLY_SUPPORTED_DATATYPE. cV=a82SGkIFVglaTkJM8y4C3D}
{"logTime": "0625/155103", "correlationVector":"a82SGkIFVglaTkJM8y4C3D.1","action":"SyncServerConnectionManagerRequest", "result":"SYNC_SERVER_OK", "context":{"environment":"Prod_southeastasia_prod-s01-064-apac-southeastasia", "migrationStage":"NotStarted", "server":"akswtt00800003g"}}
{"logTime": "0625/155103", "correlationVector":"a82SGkIFVglaTkJM8y4C3D.2","action":"ProcessGetUpdates", "result":"Done", "context":{"dataType":"Autofill Profiles", "deleted":"8", "process_failed_to_decrypt":"0", "process_pending_decryption":"0", "process_success":"62", "total":"62"}}
{"logTime": "0625/155103", "correlationVector":"a82SGkIFVglaTkJM8y4C3D.3","action":"ProcessGetUpdates", "result":"Done", "context":{"dataType":"Autofill", "deleted":"0", "process_failed_to_decrypt":"0", "process_pending_decryption":"0", "process_success":"180", "total":"180"}}
{"logTime": "0625/155103", "correlationVector":"a82SGkIFVglaTkJM8y4C3D.4","action":"GetUpdates Response", "result":"Success", "context":Received 242 update(s). cV=a82SGkIFVglaTkJM8y4C3D.0;server=akswtt00800003g;cloudType=Consumer;environment=Prod_southeastasia_prod-s01-064-apac-southeastasia;migrationStage=NotStarted}
{"logTime": "0625/155103", "correlationVector":"UOfJ/znQ3ZV1c57tcrSR3R","action":"Initial GetUpdates", "result":"", "context":Reason: NEWLY_SUPPORTED_DATATYPE. cV=UOfJ/znQ3ZV1c57tcrSR3R}
{"logTime": "0625/155104", "correlationVector":"UOfJ/znQ3ZV1c57tcrSR3R.1","action":"SyncServerConnectionManagerRequest", "result":"SYNC_SERVER_OK", "context":{"environment":"Prod_southeastasia_prod-s01-064-apac-southeastasia", "migrationStage":"NotStarted", "server":"akswtt00800000m"}}
{"logTime": "0625/155104", "correlationVector":"UOfJ/znQ3ZV1c57tcrSR3R.2","action":"ProcessGetUpdates", "result":"Done", "context":{"dataType":"History", "deleted":"0", "process_failed_to_decrypt":"0", "process_pending_decryption":"0", "process_success":"250", "total":"250"}}
{"logTime": "0625/155104", "correlationVector":"UOfJ/znQ3ZV1c57tcrSR3R.3","action":"GetUpdates Response", "result":"Success", "context":Received 250 update(s). cV=UOfJ/znQ3ZV1c57tcrSR3R.0;server=akswtt00800000m;cloudType=Consumer;environment=Prod_southeastasia_prod-s01-064-apac-southeastasia;migrationStage=NotStarted Some updates remain.}
{"logTime": "0625/155104", "correlationVector":"tc8GC+szoxNMxwJDCzEsRP","action":"Initial GetUpdates", "result":"", "context":Reason: NEWLY_SUPPORTED_DATATYPE. cV=tc8GC+szoxNMxwJDCzEsRP}
{"logTime": "0625/155105", "correlationVector":"tc8GC+szoxNMxwJDCzEsRP.1","action":"SyncServerConnectionManagerRequest", "result":"SYNC_SERVER_OK", "context":{"environment":"Prod_southeastasia_prod-s01-064-apac-southeastasia", "migrationStage":"NotStarted", "server":"akswtt008000032"}}
{"logTime": "0625/155105", "correlationVector":"tc8GC+szoxNMxwJDCzEsRP.2","action":"ProcessGetUpdates", "result":"Done", "context":{"dataType":"History", "deleted":"0", "process_failed_to_decrypt":"0", "process_pending_decryption":"0", "process_success":"250", "total":"250"}}
{"logTime": "0625/155106", "correlationVector":"tc8GC+szoxNMxwJDCzEsRP.3","action":"GetUpdates Response", "result":"Success", "context":Received 250 update(s). cV=tc8GC+szoxNMxwJDCzEsRP.0;server=akswtt008000032;cloudType=Consumer;environment=Prod_southeastasia_prod-s01-064-apac-southeastasia;migrationStage=NotStarted Some updates remain.}
{"logTime": "0625/155106", "correlationVector":"G1ZNWA68awfny/7L7a+4JB","action":"Initial GetUpdates", "result":"", "context":Reason: NEWLY_SUPPORTED_DATATYPE. cV=G1ZNWA68awfny/7L7a+4JB}
{"logTime": "0625/155106", "correlationVector":"G1ZNWA68awfny/7L7a+4JB.1","action":"SyncServerConnectionManagerRequest", "result":"SYNC_SERVER_OK", "context":{"environment":"Prod_southeastasia_prod-s01-064-apac-southeastasia", "migrationStage":"NotStarted", "server":"akswtt00800000e"}}
{"logTime": "0625/155106", "correlationVector":"G1ZNWA68awfny/7L7a+4JB.2","action":"ProcessGetUpdates", "result":"Done", "context":{"dataType":"History", "deleted":"0", "process_failed_to_decrypt":"0", "process_pending_decryption":"0", "process_success":"250", "total":"250"}}
{"logTime": "0625/155106", "correlationVector":"G1ZNWA68awfny/7L7a+4JB.3","action":"GetUpdates Response", "result":"Success", "context":Received 250 update(s). cV=G1ZNWA68awfny/7L7a+4JB.0;server=akswtt00800000e;cloudType=Consumer;environment=Prod_southeastasia_prod-s01-064-apac-southeastasia;migrationStage=NotStarted Some updates remain.}
{"logTime": "0625/155106", "correlationVector":"dEzl5pMempXDXhIyKUQd+g","action":"Initial GetUpdates", "result":"", "context":Reason: NEWLY_SUPPORTED_DATATYPE. cV=dEzl5pMempXDXhIyKUQd+g}
{"logTime": "0625/155107", "correlationVector":"dEzl5pMempXDXhIyKUQd+g.1","action":"SyncServerConnectionManagerRequest", "result":"SYNC_SERVER_OK", "context":{"environment":"Prod_southeastasia_prod-s01-064-apac-southeastasia", "migrationStage":"NotStarted", "server":"akswtt00800002m"}}
{"logTime": "0625/155107", "correlationVector":"dEzl5pMempXDXhIyKUQd+g.2","action":"ProcessGetUpdates", "result":"Done", "context":{"dataType":"History", "deleted":"0", "process_failed_to_decrypt":"0", "process_pending_decryption":"0", "process_success":"250", "total":"250"}}
{"logTime": "0625/155107", "correlationVector":"dEzl5pMempXDXhIyKUQd+g.3","action":"GetUpdates Response", "result":"Success", "context":Received 250 update(s). cV=dEzl5pMempXDXhIyKUQd+g.0;server=akswtt00800002m;cloudType=Consumer;environment=Prod_southeastasia_prod-s01-064-apac-southeastasia;migrationStage=NotStarted Some updates remain.}
{"logTime": "0625/155107", "correlationVector":"15s8nSUP8T/EVPMfE+MrrT","action":"Initial GetUpdates", "result":"", "context":Reason: NEWLY_SUPPORTED_DATATYPE. cV=15s8nSUP8T/EVPMfE+MrrT}
{"logTime": "0625/155108", "correlationVector":"15s8nSUP8T/EVPMfE+MrrT.1","action":"SyncServerConnectionManagerRequest", "result":"SYNC_SERVER_OK", "context":{"environment":"Prod_southeastasia_prod-s01-064-apac-southeastasia", "migrationStage":"NotStarted", "server":"akswtt008000035"}}
{"logTime": "0625/155108", "correlationVector":"15s8nSUP8T/EVPMfE+MrrT.2","action":"ProcessGetUpdates", "result":"Done", "context":{"dataType":"History", "deleted":"0", "process_failed_to_decrypt":"0", "process_pending_decryption":"0", "process_success":"250", "total":"250"}}
{"logTime": "0625/155108", "correlationVector":"15s8nSUP8T/EVPMfE+MrrT.3","action":"GetUpdates Response", "result":"Success", "context":Received 250 update(s). cV=15s8nSUP8T/EVPMfE+MrrT.0;server=akswtt008000035;cloudType=Consumer;environment=Prod_southeastasia_prod-s01-064-apac-southeastasia;migrationStage=NotStarted Some updates remain.}
{"logTime": "0625/155108", "correlationVector":"FFkgFzp2//K0gE/HTvrrlB","action":"Initial GetUpdates", "result":"", "context":Reason: NEWLY_SUPPORTED_DATATYPE. cV=FFkgFzp2//K0gE/HTvrrlB}
{"logTime": "0625/155109", "correlationVector":"FFkgFzp2//K0gE/HTvrrlB.1","action":"SyncServerConnectionManagerRequest", "result":"SYNC_SERVER_OK", "context":{"environment":"Prod_southeastasia_prod-s01-064-apac-southeastasia", "migrationStage":"NotStarted", "server":"akswtt00800004d"}}
{"logTime": "0625/155109", "correlationVector":"FFkgFzp2//K0gE/HTvrrlB.2","action":"ProcessGetUpdates", "result":"Done", "context":{"dataType":"History", "deleted":"0", "process_failed_to_decrypt":"0", "process_pending_decryption":"0", "process_success":"250", "total":"250"}}
{"logTime": "0625/155109", "correlationVector":"FFkgFzp2//K0gE/HTvrrlB.3","action":"GetUpdates Response", "result":"Success", "context":Received 250 update(s). cV=FFkgFzp2//K0gE/HTvrrlB.0;server=akswtt00800004d;cloudType=Consumer;environment=Prod_southeastasia_prod-s01-064-apac-southeastasia;migrationStage=NotStarted Some updates remain.}
{"logTime": "0625/155109", "correlationVector":"ibf78VfPAGDt+Ou+AiTvAb","action":"Initial GetUpdates", "result":"", "context":Reason: NEWLY_SUPPORTED_DATATYPE. cV=ibf78VfPAGDt+Ou+AiTvAb}
{"logTime": "0625/155110", "correlationVector":"ibf78VfPAGDt+Ou+AiTvAb.1","action":"SyncServerConnectionManagerRequest", "result":"SYNC_SERVER_OK", "context":{"environment":"Prod_southeastasia_prod-s01-064-apac-southeastasia", "migrationStage":"NotStarted", "server":"akswtt008000020"}}
{"logTime": "0625/155110", "correlationVector":"ibf78VfPAGDt+Ou+AiTvAb.2","action":"ProcessGetUpdates", "result":"Done", "context":{"dataType":"History", "deleted":"0", "process_failed_to_decrypt":"0", "process_pending_decryption":"0", "process_success":"250", "total":"250"}}
{"logTime": "0625/155110", "correlationVector":"ibf78VfPAGDt+Ou+AiTvAb.3","action":"GetUpdates Response", "result":"Success", "context":Received 250 update(s). cV=ibf78VfPAGDt+Ou+AiTvAb.0;server=akswtt008000020;cloudType=Consumer;environment=Prod_southeastasia_prod-s01-064-apac-southeastasia;migrationStage=NotStarted Some updates remain.}
{"logTime": "0625/155110", "correlationVector":"E71rt8y8PseEW9OqwHrE/r","action":"Initial GetUpdates", "result":"", "context":Reason: NEWLY_SUPPORTED_DATATYPE. cV=E71rt8y8PseEW9OqwHrE/r}
{"logTime": "0625/155111", "correlationVector":"E71rt8y8PseEW9OqwHrE/r.1","action":"SyncServerConnectionManagerRequest", "result":"SYNC_SERVER_OK", "context":{"environment":"Prod_southeastasia_prod-s01-064-apac-southeastasia", "migrationStage":"NotStarted", "server":"akswtt008000035"}}
{"logTime": "0625/155111", "correlationVector":"E71rt8y8PseEW9OqwHrE/r.2","action":"ProcessGetUpdates", "result":"Done", "context":{"dataType":"History", "deleted":"0", "process_failed_to_decrypt":"0", "process_pending_decryption":"0", "process_success":"250", "total":"250"}}
{"logTime": "0625/155111", "correlationVector":"E71rt8y8PseEW9OqwHrE/r.3","action":"GetUpdates Response", "result":"Success", "context":Received 250 update(s). cV=E71rt8y8PseEW9OqwHrE/r.0;server=akswtt008000035;cloudType=Consumer;environment=Prod_southeastasia_prod-s01-064-apac-southeastasia;migrationStage=NotStarted Some updates remain.}
{"logTime": "0625/155111", "correlationVector":"OPPO2hCKPN5EfIeac4HXnL","action":"Initial GetUpdates", "result":"", "context":Reason: NEWLY_SUPPORTED_DATATYPE. cV=OPPO2hCKPN5EfIeac4HXnL}
{"logTime": "0625/155112", "correlationVector":"OPPO2hCKPN5EfIeac4HXnL.1","action":"SyncServerConnectionManagerRequest", "result":"SYNC_SERVER_OK", "context":{"environment":"Prod_southeastasia_prod-s01-064-apac-southeastasia", "migrationStage":"NotStarted", "server":"akswtt008000035"}}
{"logTime": "0625/155112", "correlationVector":"OPPO2hCKPN5EfIeac4HXnL.2","action":"ProcessGetUpdates", "result":"Done", "context":{"dataType":"History", "deleted":"0", "process_failed_to_decrypt":"0", "process_pending_decryption":"0", "process_success":"250", "total":"250"}}
{"logTime": "0625/155112", "correlationVector":"OPPO2hCKPN5EfIeac4HXnL.3","action":"GetUpdates Response", "result":"Success", "context":Received 250 update(s). cV=OPPO2hCKPN5EfIeac4HXnL.0;server=akswtt008000035;cloudType=Consumer;environment=Prod_southeastasia_prod-s01-064-apac-southeastasia;migrationStage=NotStarted Some updates remain.}
{"logTime": "0625/155112", "correlationVector":"Hs6aUNOpLr5W3TTYRotLp3","action":"Initial GetUpdates", "result":"", "context":Reason: NEWLY_SUPPORTED_DATATYPE. cV=Hs6aUNOpLr5W3TTYRotLp3}
{"logTime": "0625/155113", "correlationVector":"Hs6aUNOpLr5W3TTYRotLp3.1","action":"SyncServerConnectionManagerRequest", "result":"SYNC_SERVER_OK", "context":{"environment":"Prod_southeastasia_prod-s01-064-apac-southeastasia", "migrationStage":"NotStarted", "server":"akswtt00800000u"}}
{"logTime": "0625/155113", "correlationVector":"Hs6aUNOpLr5W3TTYRotLp3.2","action":"ProcessGetUpdates", "result":"Done", "context":{"dataType":"History", "deleted":"0", "process_failed_to_decrypt":"0", "process_pending_decryption":"0", "process_success":"250", "total":"250"}}
{"logTime": "0625/155113", "correlationVector":"Hs6aUNOpLr5W3TTYRotLp3.3","action":"GetUpdates Response", "result":"Success", "context":Received 250 update(s). cV=Hs6aUNOpLr5W3TTYRotLp3.0;server=akswtt00800000u;cloudType=Consumer;environment=Prod_southeastasia_prod-s01-064-apac-southeastasia;migrationStage=NotStarted Some updates remain.}
{"logTime": "0625/155113", "correlationVector":"gGwi3nacUmcbYei4JqW70y","action":"Initial GetUpdates", "result":"", "context":Reason: NEWLY_SUPPORTED_DATATYPE. cV=gGwi3nacUmcbYei4JqW70y}
{"logTime": "0625/155114", "correlationVector":"gGwi3nacUmcbYei4JqW70y.1","action":"SyncServerConnectionManagerRequest", "result":"SYNC_SERVER_OK", "context":{"environment":"Prod_southeastasia_prod-s01-064-apac-southeastasia", "migrationStage":"NotStarted", "server":"akswtt008000035"}}
{"logTime": "0625/155114", "correlationVector":"gGwi3nacUmcbYei4JqW70y.2","action":"ProcessGetUpdates", "result":"Done", "context":{"dataType":"History", "deleted":"0", "process_failed_to_decrypt":"0", "process_pending_decryption":"0", "process_success":"250", "total":"250"}}
{"logTime": "0625/155114", "correlationVector":"gGwi3nacUmcbYei4JqW70y.3","action":"GetUpdates Response", "result":"Success", "context":Received 250 update(s). cV=gGwi3nacUmcbYei4JqW70y.0;server=akswtt008000035;cloudType=Consumer;environment=Prod_southeastasia_prod-s01-064-apac-southeastasia;migrationStage=NotStarted Some updates remain.}
{"logTime": "0625/155114", "correlationVector":"NgQAlL7vtmwM5C+sD5k179","action":"Initial GetUpdates", "result":"", "context":Reason: NEWLY_SUPPORTED_DATATYPE. cV=NgQAlL7vtmwM5C+sD5k179}
{"logTime": "0625/155116", "correlationVector":"NgQAlL7vtmwM5C+sD5k179.1","action":"SyncServerConnectionManagerRequest", "result":"SYNC_SERVER_OK", "context":{"environment":"Prod_southeastasia_prod-s01-064-apac-southeastasia", "migrationStage":"NotStarted", "server":"akswtt00800002e"}}
{"logTime": "0625/155116", "correlationVector":"NgQAlL7vtmwM5C+sD5k179.2","action":"ProcessGetUpdates", "result":"Done", "context":{"dataType":"History", "deleted":"0", "process_failed_to_decrypt":"0", "process_pending_decryption":"0", "process_success":"250", "total":"250"}}
{"logTime": "0625/155116", "correlationVector":"NgQAlL7vtmwM5C+sD5k179.3","action":"GetUpdates Response", "result":"Success", "context":Received 250 update(s). cV=NgQAlL7vtmwM5C+sD5k179.0;server=akswtt00800002e;cloudType=Consumer;environment=Prod_southeastasia_prod-s01-064-apac-southeastasia;migrationStage=NotStarted Some updates remain.}
{"logTime": "0625/155116", "correlationVector":"G2PXPmaMyz9jsHk5PtwKOP","action":"Initial GetUpdates", "result":"", "context":Reason: NEWLY_SUPPORTED_DATATYPE. cV=G2PXPmaMyz9jsHk5PtwKOP}
{"logTime": "0625/155117", "correlationVector":"G2PXPmaMyz9jsHk5PtwKOP.1","action":"SyncServerConnectionManagerRequest", "result":"SYNC_SERVER_OK", "context":{"environment":"Prod_southeastasia_prod-s01-064-apac-southeastasia", "migrationStage":"NotStarted", "server":"akswtt00800002m"}}
{"logTime": "0625/155117", "correlationVector":"G2PXPmaMyz9jsHk5PtwKOP.2","action":"ProcessGetUpdates", "result":"Done", "context":{"dataType":"History", "deleted":"0", "process_failed_to_decrypt":"0", "process_pending_decryption":"0", "process_success":"250", "total":"250"}}
{"logTime": "0625/155117", "correlationVector":"G2PXPmaMyz9jsHk5PtwKOP.3","action":"GetUpdates Response", "result":"Success", "context":Received 250 update(s). cV=G2PXPmaMyz9jsHk5PtwKOP.0;server=akswtt00800002m;cloudType=Consumer;environment=Prod_southeastasia_prod-s01-064-apac-southeastasia;migrationStage=NotStarted Some updates remain.}
{"logTime": "0625/155117", "correlationVector":"wqW/zYtUiX8NbSB1EeAX6J","action":"Initial GetUpdates", "result":"", "context":Reason: NEWLY_SUPPORTED_DATATYPE. cV=wqW/zYtUiX8NbSB1EeAX6J}
{"logTime": "0625/155118", "correlationVector":"wqW/zYtUiX8NbSB1EeAX6J.1","action":"SyncServerConnectionManagerRequest", "result":"SYNC_SERVER_OK", "context":{"environment":"Prod_southeastasia_prod-s01-064-apac-southeastasia", "migrationStage":"NotStarted", "server":"akswtt008000036"}}
{"logTime": "0625/155118", "correlationVector":"wqW/zYtUiX8NbSB1EeAX6J.2","action":"ProcessGetUpdates", "result":"Done", "context":{"dataType":"History", "deleted":"0", "process_failed_to_decrypt":"0", "process_pending_decryption":"0", "process_success":"250", "total":"250"}}
{"logTime": "0625/155118", "correlationVector":"wqW/zYtUiX8NbSB1EeAX6J.3","action":"GetUpdates Response", "result":"Success", "context":Received 250 update(s). cV=wqW/zYtUiX8NbSB1EeAX6J.0;server=akswtt008000036;cloudType=Consumer;environment=Prod_southeastasia_prod-s01-064-apac-southeastasia;migrationStage=NotStarted Some updates remain.}
{"logTime": "0625/155118", "correlationVector":"WbemVfCsiWdfKTHN9HbAy3","action":"Initial GetUpdates", "result":"", "context":Reason: NEWLY_SUPPORTED_DATATYPE. cV=WbemVfCsiWdfKTHN9HbAy3}
{"logTime": "0625/155119", "correlationVector":"WbemVfCsiWdfKTHN9HbAy3.1","action":"SyncServerConnectionManagerRequest", "result":"SYNC_SERVER_OK", "context":{"environment":"Prod_southeastasia_prod-s01-064-apac-southeastasia", "migrationStage":"NotStarted", "server":"akswtt00800003g"}}
{"logTime": "0625/155119", "correlationVector":"WbemVfCsiWdfKTHN9HbAy3.2","action":"ProcessGetUpdates", "result":"Done", "context":{"dataType":"History", "deleted":"0", "process_failed_to_decrypt":"0", "process_pending_decryption":"0", "process_success":"250", "total":"250"}}
{"logTime": "0625/155119", "correlationVector":"WbemVfCsiWdfKTHN9HbAy3.3","action":"GetUpdates Response", "result":"Success", "context":Received 250 update(s). cV=WbemVfCsiWdfKTHN9HbAy3.0;server=akswtt00800003g;cloudType=Consumer;environment=Prod_southeastasia_prod-s01-064-apac-southeastasia;migrationStage=NotStarted Some updates remain.}
{"logTime": "0625/155119", "correlationVector":"ob9IU/7S3jWypVpOFcIGnW","action":"Initial GetUpdates", "result":"", "context":Reason: NEWLY_SUPPORTED_DATATYPE. cV=ob9IU/7S3jWypVpOFcIGnW}
{"logTime": "0625/155120", "correlationVector":"ob9IU/7S3jWypVpOFcIGnW.1","action":"SyncServerConnectionManagerRequest", "result":"SYNC_SERVER_OK", "context":{"environment":"Prod_southeastasia_prod-s01-064-apac-southeastasia", "migrationStage":"NotStarted", "server":"akswtt008000035"}}
{"logTime": "0625/155120", "correlationVector":"ob9IU/7S3jWypVpOFcIGnW.2","action":"ProcessGetUpdates", "result":"Done", "context":{"dataType":"History", "deleted":"0", "process_failed_to_decrypt":"0", "process_pending_decryption":"0", "process_success":"250", "total":"250"}}
{"logTime": "0625/155120", "correlationVector":"ob9IU/7S3jWypVpOFcIGnW.3","action":"GetUpdates Response", "result":"Success", "context":Received 250 update(s). cV=ob9IU/7S3jWypVpOFcIGnW.0;server=akswtt008000035;cloudType=Consumer;environment=Prod_southeastasia_prod-s01-064-apac-southeastasia;migrationStage=NotStarted Some updates remain.}
{"logTime": "0625/155120", "correlationVector":"E/9Ym0CrvUMmqHsVWgX4m2","action":"Initial GetUpdates", "result":"", "context":Reason: NEWLY_SUPPORTED_DATATYPE. cV=E/9Ym0CrvUMmqHsVWgX4m2}
{"logTime": "0625/155121", "correlationVector":"E/9Ym0CrvUMmqHsVWgX4m2.1","action":"SyncServerConnectionManagerRequest", "result":"SYNC_SERVER_OK", "context":{"environment":"Prod_southeastasia_prod-s01-064-apac-southeastasia", "migrationStage":"NotStarted", "server":"akswtt00800000h"}}
{"logTime": "0625/155121", "correlationVector":"E/9Ym0CrvUMmqHsVWgX4m2.2","action":"ProcessGetUpdates", "result":"Done", "context":{"dataType":"History", "deleted":"0", "process_failed_to_decrypt":"0", "process_pending_decryption":"0", "process_success":"250", "total":"250"}}
{"logTime": "0625/155121", "correlationVector":"E/9Ym0CrvUMmqHsVWgX4m2.3","action":"GetUpdates Response", "result":"Success", "context":Received 250 update(s). cV=E/9Ym0CrvUMmqHsVWgX4m2.0;server=akswtt00800000h;cloudType=Consumer;environment=Prod_southeastasia_prod-s01-064-apac-southeastasia;migrationStage=NotStarted Some updates remain.}
{"logTime": "0625/155121", "correlationVector":"/y2Eu39cvws/ls1GQJmgd5","action":"Initial GetUpdates", "result":"", "context":Reason: NEWLY_SUPPORTED_DATATYPE. cV=/y2Eu39cvws/ls1GQJmgd5}
{"logTime": "0625/155121", "correlationVector":"/y2Eu39cvws/ls1GQJmgd5.1","action":"SyncServerConnectionManagerRequest", "result":"SYNC_SERVER_OK", "context":{"environment":"Prod_southeastasia_prod-s01-064-apac-southeastasia", "migrationStage":"NotStarted", "server":"akswtt008000032"}}
{"logTime": "0625/155121", "correlationVector":"/y2Eu39cvws/ls1GQJmgd5.2","action":"ProcessGetUpdates", "result":"Done", "context":{"dataType":"History", "deleted":"0", "process_failed_to_decrypt":"0", "process_pending_decryption":"0", "process_success":"250", "total":"250"}}
{"logTime": "0625/155121", "correlationVector":"/y2Eu39cvws/ls1GQJmgd5.3","action":"GetUpdates Response", "result":"Success", "context":Received 250 update(s). cV=/y2Eu39cvws/ls1GQJmgd5.0;server=akswtt008000032;cloudType=Consumer;environment=Prod_southeastasia_prod-s01-064-apac-southeastasia;migrationStage=NotStarted Some updates remain.}
{"logTime": "0625/155121", "correlationVector":"fLsgkVQ1S8GGEAnwIfMv/t","action":"Initial GetUpdates", "result":"", "context":Reason: NEWLY_SUPPORTED_DATATYPE. cV=fLsgkVQ1S8GGEAnwIfMv/t}
{"logTime": "0625/155122", "correlationVector":"fLsgkVQ1S8GGEAnwIfMv/t.1","action":"SyncServerConnectionManagerRequest", "result":"SYNC_SERVER_OK", "context":{"environment":"Prod_southeastasia_prod-s01-064-apac-southeastasia", "migrationStage":"NotStarted", "server":"akswtt00800003a"}}
{"logTime": "0625/155122", "correlationVector":"fLsgkVQ1S8GGEAnwIfMv/t.2","action":"ProcessGetUpdates", "result":"Done", "context":{"dataType":"History", "deleted":"0", "process_failed_to_decrypt":"0", "process_pending_decryption":"0", "process_success":"250", "total":"250"}}
{"logTime": "0625/155122", "correlationVector":"fLsgkVQ1S8GGEAnwIfMv/t.3","action":"GetUpdates Response", "result":"Success", "context":Received 250 update(s). cV=fLsgkVQ1S8GGEAnwIfMv/t.0;server=akswtt00800003a;cloudType=Consumer;environment=Prod_southeastasia_prod-s01-064-apac-southeastasia;migrationStage=NotStarted Some updates remain.}
{"logTime": "0625/155122", "correlationVector":"ZoKV9X4CT+DuV2wOdZVZiw","action":"Initial GetUpdates", "result":"", "context":Reason: NEWLY_SUPPORTED_DATATYPE. cV=ZoKV9X4CT+DuV2wOdZVZiw}
{"logTime": "0625/155123", "correlationVector":"ZoKV9X4CT+DuV2wOdZVZiw.1","action":"SyncServerConnectionManagerRequest", "result":"SYNC_SERVER_OK", "context":{"environment":"Prod_southeastasia_prod-s01-064-apac-southeastasia", "migrationStage":"NotStarted", "server":"akswtt008000036"}}
{"logTime": "0625/155123", "correlationVector":"ZoKV9X4CT+DuV2wOdZVZiw.2","action":"ProcessGetUpdates", "result":"Done", "context":{"dataType":"History", "deleted":"0", "process_failed_to_decrypt":"0", "process_pending_decryption":"0", "process_success":"250", "total":"250"}}
{"logTime": "0625/155123", "correlationVector":"ZoKV9X4CT+DuV2wOdZVZiw.3","action":"GetUpdates Response", "result":"Success", "context":Received 250 update(s). cV=ZoKV9X4CT+DuV2wOdZVZiw.0;server=akswtt008000036;cloudType=Consumer;environment=Prod_southeastasia_prod-s01-064-apac-southeastasia;migrationStage=NotStarted Some updates remain.}
{"logTime": "0625/155123", "correlationVector":"DEcUZ7YEZKjPk3EeRqCLLI","action":"Initial GetUpdates", "result":"", "context":Reason: NEWLY_SUPPORTED_DATATYPE. cV=DEcUZ7YEZKjPk3EeRqCLLI}
{"logTime": "0625/155124", "correlationVector":"DEcUZ7YEZKjPk3EeRqCLLI.1","action":"SyncServerConnectionManagerRequest", "result":"SYNC_SERVER_OK", "context":{"environment":"Prod_southeastasia_prod-s01-064-apac-southeastasia", "migrationStage":"NotStarted", "server":"akswtt008000022"}}
{"logTime": "0625/155124", "correlationVector":"DEcUZ7YEZKjPk3EeRqCLLI.2","action":"ProcessGetUpdates", "result":"Done", "context":{"dataType":"History", "deleted":"0", "process_failed_to_decrypt":"0", "process_pending_decryption":"0", "process_success":"250", "total":"250"}}
{"logTime": "0625/155124", "correlationVector":"DEcUZ7YEZKjPk3EeRqCLLI.3","action":"GetUpdates Response", "result":"Success", "context":Received 250 update(s). cV=DEcUZ7YEZKjPk3EeRqCLLI.0;server=akswtt008000022;cloudType=Consumer;environment=Prod_southeastasia_prod-s01-064-apac-southeastasia;migrationStage=NotStarted Some updates remain.}
{"logTime": "0625/155124", "correlationVector":"NRGFLrZoOCWh+ZhDBn+8Hh","action":"Initial GetUpdates", "result":"", "context":Reason: NEWLY_SUPPORTED_DATATYPE. cV=NRGFLrZoOCWh+ZhDBn+8Hh}
{"logTime": "0625/155125", "correlationVector":"NRGFLrZoOCWh+ZhDBn+8Hh.1","action":"SyncServerConnectionManagerRequest", "result":"SYNC_SERVER_OK", "context":{"environment":"Prod_southeastasia_prod-s01-064-apac-southeastasia", "migrationStage":"NotStarted", "server":"akswtt00800002a"}}
{"logTime": "0625/155125", "correlationVector":"NRGFLrZoOCWh+ZhDBn+8Hh.2","action":"ProcessGetUpdates", "result":"Done", "context":{"dataType":"History", "deleted":"0", "process_failed_to_decrypt":"0", "process_pending_decryption":"0", "process_success":"250", "total":"250"}}
{"logTime": "0625/155125", "correlationVector":"NRGFLrZoOCWh+ZhDBn+8Hh.3","action":"GetUpdates Response", "result":"Success", "context":Received 250 update(s). cV=NRGFLrZoOCWh+ZhDBn+8Hh.0;server=akswtt00800002a;cloudType=Consumer;environment=Prod_southeastasia_prod-s01-064-apac-southeastasia;migrationStage=NotStarted Some updates remain.}
{"logTime": "0625/155125", "correlationVector":"vQ3KYml4zB70PlU297on9b","action":"Initial GetUpdates", "result":"", "context":Reason: NEWLY_SUPPORTED_DATATYPE. cV=vQ3KYml4zB70PlU297on9b}
{"logTime": "0625/155126", "correlationVector":"vQ3KYml4zB70PlU297on9b.1","action":"SyncServerConnectionManagerRequest", "result":"SYNC_SERVER_OK", "context":{"environment":"Prod_southeastasia_prod-s01-064-apac-southeastasia", "migrationStage":"NotStarted", "server":"akswtt00800002s"}}
{"logTime": "0625/155126", "correlationVector":"vQ3KYml4zB70PlU297on9b.2","action":"ProcessGetUpdates", "result":"Done", "context":{"dataType":"History", "deleted":"0", "process_failed_to_decrypt":"0", "process_pending_decryption":"0", "process_success":"250", "total":"250"}}
{"logTime": "0625/155126", "correlationVector":"vQ3KYml4zB70PlU297on9b.3","action":"GetUpdates Response", "result":"Success", "context":Received 250 update(s). cV=vQ3KYml4zB70PlU297on9b.0;server=akswtt00800002s;cloudType=Consumer;environment=Prod_southeastasia_prod-s01-064-apac-southeastasia;migrationStage=NotStarted Some updates remain.}
{"logTime": "0625/155126", "correlationVector":"8CHZ66Eqe15g51Ir2N3T63","action":"Initial GetUpdates", "result":"", "context":Reason: NEWLY_SUPPORTED_DATATYPE. cV=8CHZ66Eqe15g51Ir2N3T63}
{"logTime": "0625/155127", "correlationVector":"8CHZ66Eqe15g51Ir2N3T63.1","action":"SyncServerConnectionManagerRequest", "result":"SYNC_SERVER_OK", "context":{"environment":"Prod_southeastasia_prod-s01-064-apac-southeastasia", "migrationStage":"NotStarted", "server":"akswtt00800002m"}}
{"logTime": "0625/155127", "correlationVector":"8CHZ66Eqe15g51Ir2N3T63.2","action":"ProcessGetUpdates", "result":"Done", "context":{"dataType":"History", "deleted":"0", "process_failed_to_decrypt":"0", "process_pending_decryption":"0", "process_success":"250", "total":"250"}}
{"logTime": "0625/155127", "correlationVector":"8CHZ66Eqe15g51Ir2N3T63.3","action":"GetUpdates Response", "result":"Success", "context":Received 250 update(s). cV=8CHZ66Eqe15g51Ir2N3T63.0;server=akswtt00800002m;cloudType=Consumer;environment=Prod_southeastasia_prod-s01-064-apac-southeastasia;migrationStage=NotStarted Some updates remain.}
{"logTime": "0625/155127", "correlationVector":"kN0qGFrK+Sl+8DFpaG205P","action":"Initial GetUpdates", "result":"", "context":Reason: NEWLY_SUPPORTED_DATATYPE. cV=kN0qGFrK+Sl+8DFpaG205P}
{"logTime": "0625/155128", "correlationVector":"kN0qGFrK+Sl+8DFpaG205P.1","action":"SyncServerConnectionManagerRequest", "result":"SYNC_SERVER_OK", "context":{"environment":"Prod_southeastasia_prod-s01-064-apac-southeastasia", "migrationStage":"NotStarted", "server":"akswtt00800005f"}}
{"logTime": "0625/155128", "correlationVector":"kN0qGFrK+Sl+8DFpaG205P.2","action":"ProcessGetUpdates", "result":"Done", "context":{"dataType":"History", "deleted":"0", "process_failed_to_decrypt":"0", "process_pending_decryption":"0", "process_success":"250", "total":"250"}}
{"logTime": "0625/155128", "correlationVector":"kN0qGFrK+Sl+8DFpaG205P.3","action":"GetUpdates Response", "result":"Success", "context":Received 250 update(s). cV=kN0qGFrK+Sl+8DFpaG205P.0;server=akswtt00800005f;cloudType=Consumer;environment=Prod_southeastasia_prod-s01-064-apac-southeastasia;migrationStage=NotStarted Some updates remain.}
{"logTime": "0625/155128", "correlationVector":"6Wc2CHhNXlpzLf0HaxADgp","action":"Initial GetUpdates", "result":"", "context":Reason: NEWLY_SUPPORTED_DATATYPE. cV=6Wc2CHhNXlpzLf0HaxADgp}
{"logTime": "0625/155128", "correlationVector":"6Wc2CHhNXlpzLf0HaxADgp.1","action":"SyncServerConnectionManagerRequest", "result":"SYNC_SERVER_OK", "context":{"environment":"Prod_southeastasia_prod-s01-064-apac-southeastasia", "migrationStage":"NotStarted", "server":"akswtt00800001h"}}
{"logTime": "0625/155128", "correlationVector":"6Wc2CHhNXlpzLf0HaxADgp.2","action":"ProcessGetUpdates", "result":"Done", "context":{"dataType":"History", "deleted":"0", "process_failed_to_decrypt":"0", "process_pending_decryption":"0", "process_success":"250", "total":"250"}}
{"logTime": "0625/155128", "correlationVector":"6Wc2CHhNXlpzLf0HaxADgp.3","action":"GetUpdates Response", "result":"Success", "context":Received 250 update(s). cV=6Wc2CHhNXlpzLf0HaxADgp.0;server=akswtt00800001h;cloudType=Consumer;environment=Prod_southeastasia_prod-s01-064-apac-southeastasia;migrationStage=NotStarted Some updates remain.}
{"logTime": "0625/155128", "correlationVector":"13IVFfg8HjGMyRE0f01WjP","action":"Initial GetUpdates", "result":"", "context":Reason: NEWLY_SUPPORTED_DATATYPE. cV=13IVFfg8HjGMyRE0f01WjP}
{"logTime": "0625/155129", "correlationVector":"13IVFfg8HjGMyRE0f01WjP.1","action":"SyncServerConnectionManagerRequest", "result":"SYNC_SERVER_OK", "context":{"environment":"Prod_southeastasia_prod-s01-064-apac-southeastasia", "migrationStage":"NotStarted", "server":"akswtt00800005i"}}
{"logTime": "0625/155129", "correlationVector":"13IVFfg8HjGMyRE0f01WjP.2","action":"ProcessGetUpdates", "result":"Done", "context":{"dataType":"History", "deleted":"0", "process_failed_to_decrypt":"0", "process_pending_decryption":"0", "process_success":"250", "total":"250"}}
{"logTime": "0625/155129", "correlationVector":"13IVFfg8HjGMyRE0f01WjP.3","action":"GetUpdates Response", "result":"Success", "context":Received 250 update(s). cV=13IVFfg8HjGMyRE0f01WjP.0;server=akswtt00800005i;cloudType=Consumer;environment=Prod_southeastasia_prod-s01-064-apac-southeastasia;migrationStage=NotStarted Some updates remain.}
{"logTime": "0625/155129", "correlationVector":"uunYTZyT4QbKj9SEzyTTE5","action":"Initial GetUpdates", "result":"", "context":Reason: NEWLY_SUPPORTED_DATATYPE. cV=uunYTZyT4QbKj9SEzyTTE5}
{"logTime": "0625/155130", "correlationVector":"uunYTZyT4QbKj9SEzyTTE5.1","action":"SyncServerConnectionManagerRequest", "result":"SYNC_SERVER_OK", "context":{"environment":"Prod_southeastasia_prod-s01-064-apac-southeastasia", "migrationStage":"NotStarted", "server":"akswtt00800000e"}}
{"logTime": "0625/155130", "correlationVector":"uunYTZyT4QbKj9SEzyTTE5.2","action":"ProcessGetUpdates", "result":"Done", "context":{"dataType":"History", "deleted":"0", "process_failed_to_decrypt":"0", "process_pending_decryption":"0", "process_success":"250", "total":"250"}}
{"logTime": "0625/155130", "correlationVector":"uunYTZyT4QbKj9SEzyTTE5.3","action":"GetUpdates Response", "result":"Success", "context":Received 250 update(s). cV=uunYTZyT4QbKj9SEzyTTE5.0;server=akswtt00800000e;cloudType=Consumer;environment=Prod_southeastasia_prod-s01-064-apac-southeastasia;migrationStage=NotStarted Some updates remain.}
{"logTime": "0625/155130", "correlationVector":"hvgx0jm+zlkt3Cn7vczKpr","action":"Initial GetUpdates", "result":"", "context":Reason: NEWLY_SUPPORTED_DATATYPE. cV=hvgx0jm+zlkt3Cn7vczKpr}
{"logTime": "0625/155131", "correlationVector":"hvgx0jm+zlkt3Cn7vczKpr.1","action":"SyncServerConnectionManagerRequest", "result":"SYNC_SERVER_OK", "context":{"environment":"Prod_southeastasia_prod-s01-064-apac-southeastasia", "migrationStage":"NotStarted", "server":"akswtt00800002m"}}
{"logTime": "0625/155131", "correlationVector":"hvgx0jm+zlkt3Cn7vczKpr.2","action":"ProcessGetUpdates", "result":"Done", "context":{"dataType":"History", "deleted":"0", "process_failed_to_decrypt":"0", "process_pending_decryption":"0", "process_success":"250", "total":"250"}}
{"logTime": "0625/155131", "correlationVector":"hvgx0jm+zlkt3Cn7vczKpr.3","action":"GetUpdates Response", "result":"Success", "context":Received 250 update(s). cV=hvgx0jm+zlkt3Cn7vczKpr.0;server=akswtt00800002m;cloudType=Consumer;environment=Prod_southeastasia_prod-s01-064-apac-southeastasia;migrationStage=NotStarted Some updates remain.}
{"logTime": "0625/155131", "correlationVector":"K1EsM2zGqqriG9IiSgrJDv","action":"Initial GetUpdates", "result":"", "context":Reason: NEWLY_SUPPORTED_DATATYPE. cV=K1EsM2zGqqriG9IiSgrJDv}
{"logTime": "0625/155131", "correlationVector":"K1EsM2zGqqriG9IiSgrJDv.1","action":"SyncServerConnectionManagerRequest", "result":"SYNC_SERVER_OK", "context":{"environment":"Prod_southeastasia_prod-s01-064-apac-southeastasia", "migrationStage":"NotStarted", "server":"akswtt008000022"}}
{"logTime": "0625/155131", "correlationVector":"K1EsM2zGqqriG9IiSgrJDv.2","action":"ProcessGetUpdates", "result":"Done", "context":{"dataType":"History", "deleted":"0", "process_failed_to_decrypt":"0", "process_pending_decryption":"0", "process_success":"250", "total":"250"}}
{"logTime": "0625/155131", "correlationVector":"K1EsM2zGqqriG9IiSgrJDv.3","action":"GetUpdates Response", "result":"Success", "context":Received 250 update(s). cV=K1EsM2zGqqriG9IiSgrJDv.0;server=akswtt008000022;cloudType=Consumer;environment=Prod_southeastasia_prod-s01-064-apac-southeastasia;migrationStage=NotStarted Some updates remain.}
{"logTime": "0625/155131", "correlationVector":"IyvPNMPpJOeyhi8Misp+xp","action":"Initial GetUpdates", "result":"", "context":Reason: NEWLY_SUPPORTED_DATATYPE. cV=IyvPNMPpJOeyhi8Misp+xp}
{"logTime": "0625/155133", "correlationVector":"IyvPNMPpJOeyhi8Misp+xp.1","action":"SyncServerConnectionManagerRequest", "result":"SYNC_SERVER_OK", "context":{"environment":"Prod_southeastasia_prod-s01-064-apac-southeastasia", "migrationStage":"NotStarted", "server":"akswtt00800004i"}}
{"logTime": "0625/155133", "correlationVector":"IyvPNMPpJOeyhi8Misp+xp.2","action":"ProcessGetUpdates", "result":"Done", "context":{"dataType":"History", "deleted":"0", "process_failed_to_decrypt":"0", "process_pending_decryption":"0", "process_success":"250", "total":"250"}}
{"logTime": "0625/155133", "correlationVector":"IyvPNMPpJOeyhi8Misp+xp.3","action":"GetUpdates Response", "result":"Success", "context":Received 250 update(s). cV=IyvPNMPpJOeyhi8Misp+xp.0;server=akswtt00800004i;cloudType=Consumer;environment=Prod_southeastasia_prod-s01-064-apac-southeastasia;migrationStage=NotStarted Some updates remain.}
{"logTime": "0625/155133", "correlationVector":"IRQrR90rmcloYdu5pePfkG","action":"Initial GetUpdates", "result":"", "context":Reason: NEWLY_SUPPORTED_DATATYPE. cV=IRQrR90rmcloYdu5pePfkG}
{"logTime": "0625/155133", "correlationVector":"IRQrR90rmcloYdu5pePfkG.1","action":"SyncServerConnectionManagerRequest", "result":"SYNC_SERVER_OK", "context":{"environment":"Prod_southeastasia_prod-s01-064-apac-southeastasia", "migrationStage":"NotStarted", "server":"akswtt00800003u"}}
{"logTime": "0625/155133", "correlationVector":"IRQrR90rmcloYdu5pePfkG.2","action":"ProcessGetUpdates", "result":"Done", "context":{"dataType":"History", "deleted":"0", "process_failed_to_decrypt":"0", "process_pending_decryption":"0", "process_success":"250", "total":"250"}}
{"logTime": "0625/155133", "correlationVector":"IRQrR90rmcloYdu5pePfkG.3","action":"GetUpdates Response", "result":"Success", "context":Received 250 update(s). cV=IRQrR90rmcloYdu5pePfkG.0;server=akswtt00800003u;cloudType=Consumer;environment=Prod_southeastasia_prod-s01-064-apac-southeastasia;migrationStage=NotStarted Some updates remain.}
{"logTime": "0625/155133", "correlationVector":"07D2GPv5GesDVqY0Emg0lD","action":"Initial GetUpdates", "result":"", "context":Reason: NEWLY_SUPPORTED_DATATYPE. cV=07D2GPv5GesDVqY0Emg0lD}
{"logTime": "0625/155134", "correlationVector":"07D2GPv5GesDVqY0Emg0lD.1","action":"SyncServerConnectionManagerRequest", "result":"SYNC_SERVER_OK", "context":{"environment":"Prod_southeastasia_prod-s01-064-apac-southeastasia", "migrationStage":"NotStarted", "server":"akswtt008000036"}}
{"logTime": "0625/155134", "correlationVector":"07D2GPv5GesDVqY0Emg0lD.2","action":"ProcessGetUpdates", "result":"Done", "context":{"dataType":"History", "deleted":"0", "process_failed_to_decrypt":"0", "process_pending_decryption":"0", "process_success":"250", "total":"250"}}
{"logTime": "0625/155134", "correlationVector":"07D2GPv5GesDVqY0Emg0lD.3","action":"GetUpdates Response", "result":"Success", "context":Received 250 update(s). cV=07D2GPv5GesDVqY0Emg0lD.0;server=akswtt008000036;cloudType=Consumer;environment=Prod_southeastasia_prod-s01-064-apac-southeastasia;migrationStage=NotStarted Some updates remain.}
{"logTime": "0625/155134", "correlationVector":"njccuVA9Eg4SyaM5jQ6kJR","action":"Initial GetUpdates", "result":"", "context":Reason: NEWLY_SUPPORTED_DATATYPE. cV=njccuVA9Eg4SyaM5jQ6kJR}
{"logTime": "0625/155135", "correlationVector":"njccuVA9Eg4SyaM5jQ6kJR.1","action":"SyncServerConnectionManagerRequest", "result":"SYNC_SERVER_OK", "context":{"environment":"Prod_southeastasia_prod-s01-064-apac-southeastasia", "migrationStage":"NotStarted", "server":"akswtt00800002s"}}
{"logTime": "0625/155135", "correlationVector":"njccuVA9Eg4SyaM5jQ6kJR.2","action":"ProcessGetUpdates", "result":"Done", "context":{"dataType":"History", "deleted":"0", "process_failed_to_decrypt":"0", "process_pending_decryption":"0", "process_success":"250", "total":"250"}}
{"logTime": "0625/155135", "correlationVector":"njccuVA9Eg4SyaM5jQ6kJR.3","action":"GetUpdates Response", "result":"Success", "context":Received 250 update(s). cV=njccuVA9Eg4SyaM5jQ6kJR.0;server=akswtt00800002s;cloudType=Consumer;environment=Prod_southeastasia_prod-s01-064-apac-southeastasia;migrationStage=NotStarted Some updates remain.}
{"logTime": "0625/155135", "correlationVector":"FTfTC2ljFwFCn/OTpkVnrK","action":"Initial GetUpdates", "result":"", "context":Reason: NEWLY_SUPPORTED_DATATYPE. cV=FTfTC2ljFwFCn/OTpkVnrK}
{"logTime": "0625/155135", "correlationVector":"FTfTC2ljFwFCn/OTpkVnrK.1","action":"SyncServerConnectionManagerRequest", "result":"SYNC_SERVER_OK", "context":{"environment":"Prod_southeastasia_prod-s01-064-apac-southeastasia", "migrationStage":"NotStarted", "server":"akswtt00800004u"}}
{"logTime": "0625/155135", "correlationVector":"FTfTC2ljFwFCn/OTpkVnrK.2","action":"ProcessGetUpdates", "result":"Done", "context":{"dataType":"History", "deleted":"0", "process_failed_to_decrypt":"0", "process_pending_decryption":"0", "process_success":"83", "total":"83"}}
{"logTime": "0625/155135", "correlationVector":"FTfTC2ljFwFCn/OTpkVnrK.3","action":"GetUpdates Response", "result":"Success", "context":Received 83 update(s). cV=FTfTC2ljFwFCn/OTpkVnrK.0;server=akswtt00800004u;cloudType=Consumer;environment=Prod_southeastasia_prod-s01-064-apac-southeastasia;migrationStage=NotStarted}
{"logTime": "0625/155135", "correlationVector":"CmGiubRCU2nRtz88SbLbi/","action":"Normal GetUpdate request", "result":"", "context":cV=CmGiubRCU2nRtz88SbLbi/
Nudged types: Passwords
Refresh requested types: Bookmarks, Passwords, Autofill Profiles, Autofill, History, Edge Wallet, Encryption Keys}
{"logTime": "0625/155135", "correlationVector":"CmGiubRCU2nRtz88SbLbi/.1","action":"SyncServerConnectionManagerRequest", "result":"SYNC_SERVER_OK", "context":{"environment":"Prod_southeastasia_prod-s01-064-apac-southeastasia", "migrationStage":"NotStarted", "server":"akswtt00800002a"}}
{"logTime": "0625/155135", "correlationVector":"CmGiubRCU2nRtz88SbLbi/.2","action":"GetUpdates Response", "result":"Success", "context":Received 0 update(s). cV=CmGiubRCU2nRtz88SbLbi/.0;server=akswtt00800002a;cloudType=Consumer;environment=Prod_southeastasia_prod-s01-064-apac-southeastasia;migrationStage=NotStarted}
{"logTime": "0625/155135", "correlationVector":"Tkaiqaj1sa13whZjHns4Ol","action":"Commit Request", "result":"", "context":Item count: 1
Contributing types: Passwords}
{"logTime": "0625/155136", "correlationVector":"Tkaiqaj1sa13whZjHns4Ol.1","action":"SyncServerConnectionManagerRequest", "result":"SYNC_SERVER_OK", "context":{"environment":"Prod_southeastasia_prod-s01-064-apac-southeastasia", "migrationStage":"NotStarted", "server":"akswtt00800004i"}}
{"logTime": "0625/155136", "correlationVector":"Tkaiqaj1sa13whZjHns4Ol.2","action":"Commit Response", "result":"Success", "context":Result: Success. cV=Tkaiqaj1sa13whZjHns4Ol.0;server=akswtt00800004i;cloudType=Consumer;environment=Prod_southeastasia_prod-s01-064-apac-southeastasia;migrationStage=NotStarted}
{"logTime": "0625/162149", "correlationVector":"ljA53ZZmj9pMj6fo0+EQDm.1","action":"SyncServerConnectionManagerRequest", "result":"SYNC_SERVER_OK", "context":{"environment":"Prod_southeastasia_prod-s01-064-apac-southeastasia", "migrationStage":"NotStarted", "server":"akswtt008000038"}}
{"logTime": "0625/162149", "correlationVector":"ljA53ZZmj9pMj6fo0+EQDm.2","action":"ProcessGetUpdates", "result":"Done", "context":{"dataType":"Encryption Keys", "deleted":"0", "process_failed_to_decrypt":"0", "process_pending_decryption":"0", "process_success":"1", "total":"1"}}
{"logTime": "0625/162149", "correlationVector":"DHe1Rd/7pMEnCyvIr++wZu","action":"SyncServerConnectionManagerRequest", "result":"SYNC_SERVER_OK", "context":{"environment":"", "migrationStage":"", "server":""}}
{"logTime": "0625/162149", "correlationVector":"DHe1Rd/7pMEnCyvIr++wZu.0","action":"EncryptionKeysFetcher.DownloadKeys:", "result":"Success", "context":Key count: 5, Last key timestamp: 2025-01-26T19:12:55Z}
{"logTime": "0625/162149", "correlationVector":"DHe1Rd/7pMEnCyvIr++wZu.1","action":"EncryptionKeysManager::SetEncryptionKeys:", "result":"Success", "context":Key names[5]:[SpN49Jm9qgWDnSWGl//HtsAjc/BSDSm15yrymMPqdY46QImgwHDfOzk7ymKv7spuce/f8IDNav9nKbGDmk8A1w==][0GQuoEBsxtNTIeoBjv2Q3E5NTtFDfVlPrImxhWmuQz0wgd+8FQdlaTdspT0zG+j6dlGoKCX/5aQT60UNMU3mBg==][xLkxbCIJ2l77Co9IC4+MxmJAj+BmnBhm6CQEAZdpFG9+SXVfT8B2sIYpWp7gN3CeYO9g7abhlAmGf3LKKTd8rw==][dSEMZfPF4eb/gxTVA1RVSqceVxvUH4iojs8NK70hUQXcPPmUOgDpuQ3bTPTZALHGT9YtgEKhDSBxlWVfNOcSmg==][/PRKsogdeGowjohR1k0KfQH7XmRfnJao1QxTyUI1AN+79EeORrySjmqnlCjSasGnZdDaqTQK65jSos+BjcW+rg==]}
{"logTime": "0625/162149", "correlationVector":"DHe1Rd/7pMEnCyvIr++wZu.2","action":"EncryptionKeysManager::SetEncryptionKeysWithTimestamps:", "result":"Success", "context":Key timestamps[5]:[2022-05-30T13:22:54Z][2023-08-03T08:50:55Z][2024-01-31T03:35:21Z][2024-07-29T06:27:56Z][2025-01-26T19:12:55Z]}
{"logTime": "0625/162149", "correlationVector":"ljA53ZZmj9pMj6fo0+EQDm","action":"Initial GetUpdates", "result":"", "context":Reason: NEW_CLIENT. cV=ljA53ZZmj9pMj6fo0+EQDm}
{"logTime": "0625/162149", "correlationVector":"ljA53ZZmj9pMj6fo0+EQDm.3","action":"GetUpdates Response", "result":"Success", "context":Received 1 update(s). cV=ljA53ZZmj9pMj6fo0+EQDm.0;server=akswtt008000038;cloudType=Consumer;environment=Prod_southeastasia_prod-s01-064-apac-southeastasia;migrationStage=NotStarted}
{"logTime": "0625/162149", "correlationVector":"LrDNzwEWgAsQZLF+fhvWKo","action":"Initial GetUpdates", "result":"", "context":Reason: NEWLY_SUPPORTED_DATATYPE. cV=LrDNzwEWgAsQZLF+fhvWKo}
{"logTime": "0625/162150", "correlationVector":"LrDNzwEWgAsQZLF+fhvWKo.1","action":"SyncServerConnectionManagerRequest", "result":"SYNC_SERVER_OK", "context":{"environment":"Prod_southeastasia_prod-s01-064-apac-southeastasia", "migrationStage":"NotStarted", "server":"akswtt00800003a"}}
{"logTime": "0625/162150", "correlationVector":"LrDNzwEWgAsQZLF+fhvWKo.2","action":"ProcessGetUpdates", "result":"Done", "context":{"dataType":"Passwords", "deleted":"24", "process_failed_to_decrypt":"0", "process_pending_decryption":"0", "process_success":"157", "total":"157"}}
{"logTime": "0625/162150", "correlationVector":"LrDNzwEWgAsQZLF+fhvWKo.3","action":"GetUpdates Response", "result":"Success", "context":Received 157 update(s). cV=LrDNzwEWgAsQZLF+fhvWKo.0;server=akswtt00800003a;cloudType=Consumer;environment=Prod_southeastasia_prod-s01-064-apac-southeastasia;migrationStage=NotStarted}
{"logTime": "0625/162150", "correlationVector":"vwkyJhENrhKc4MDT8KX5hm","action":"Normal GetUpdate request", "result":"", "context":cV=vwkyJhENrhKc4MDT8KX5hm
Nudged types: History
Refresh requested types: Bookmarks, Passwords, Autofill Profiles, Autofill, History, Edge Wallet, Encryption Keys}
{"logTime": "0625/162151", "correlationVector":"vwkyJhENrhKc4MDT8KX5hm.1","action":"SyncServerConnectionManagerRequest", "result":"SYNC_SERVER_OK", "context":{"environment":"Prod_southeastasia_prod-s01-064-apac-southeastasia", "migrationStage":"NotStarted", "server":"akswtt008000041"}}
{"logTime": "0625/162151", "correlationVector":"vwkyJhENrhKc4MDT8KX5hm.2","action":"ProcessGetUpdates", "result":"Done", "context":{"dataType":"History", "deleted":"0", "process_failed_to_decrypt":"0", "process_pending_decryption":"0", "process_success":"37", "total":"37"}}
{"logTime": "0625/162151", "correlationVector":"vwkyJhENrhKc4MDT8KX5hm.3","action":"GetUpdates Response", "result":"Success", "context":Received 37 update(s). cV=vwkyJhENrhKc4MDT8KX5hm.0;server=akswtt008000041;cloudType=Consumer;environment=Prod_southeastasia_prod-s01-064-apac-southeastasia;migrationStage=NotStarted}
{"logTime": "0625/162151", "correlationVector":"JS8JoRTn8Sf0LtOjofaUr5","action":"Commit Request", "result":"", "context":Item count: 2
Contributing types: History}
{"logTime": "0625/162152", "correlationVector":"JS8JoRTn8Sf0LtOjofaUr5.1","action":"SyncServerConnectionManagerRequest", "result":"SYNC_SERVER_OK", "context":{"environment":"Prod_southeastasia_prod-s01-064-apac-southeastasia", "migrationStage":"NotStarted", "server":"akswtt008000015"}}
{"logTime": "0625/162152", "correlationVector":"JS8JoRTn8Sf0LtOjofaUr5.2","action":"Commit Response", "result":"Success", "context":Result: Success. cV=JS8JoRTn8Sf0LtOjofaUr5.0;server=akswtt008000015;cloudType=Consumer;environment=Prod_southeastasia_prod-s01-064-apac-southeastasia;migrationStage=NotStarted}
{"logTime": "0625/162252", "correlationVector":"dgAm6eY24uD6PnHtka08/c","action":"Commit Request", "result":"", "context":Item count: 10
Contributing types: History}
{"logTime": "0625/162253", "correlationVector":"dgAm6eY24uD6PnHtka08/c.1","action":"SyncServerConnectionManagerRequest", "result":"SYNC_SERVER_OK", "context":{"environment":"Prod_southeastasia_prod-s01-064-apac-southeastasia", "migrationStage":"NotStarted", "server":"akswtt00800001t"}}
{"logTime": "0625/162253", "correlationVector":"dgAm6eY24uD6PnHtka08/c.2","action":"Commit Response", "result":"Success", "context":Result: Success. cV=dgAm6eY24uD6PnHtka08/c.0;server=akswtt00800001t;cloudType=Consumer;environment=Prod_southeastasia_prod-s01-064-apac-southeastasia;migrationStage=NotStarted}
{"logTime": "0625/162353", "correlationVector":"T53Mx4PPEwWX6o5v3r9Xyn","action":"Commit Request", "result":"", "context":Item count: 8
Contributing types: History}
{"logTime": "0625/162354", "correlationVector":"T53Mx4PPEwWX6o5v3r9Xyn.1","action":"SyncServerConnectionManagerRequest", "result":"SYNC_SERVER_OK", "context":{"environment":"Prod_southeastasia_prod-s01-064-apac-southeastasia", "migrationStage":"NotStarted", "server":"akswtt00800002b"}}
{"logTime": "0625/162354", "correlationVector":"T53Mx4PPEwWX6o5v3r9Xyn.2","action":"Commit Response", "result":"Success", "context":Result: Success. cV=T53Mx4PPEwWX6o5v3r9Xyn.0;server=akswtt00800002b;cloudType=Consumer;environment=Prod_southeastasia_prod-s01-064-apac-southeastasia;migrationStage=NotStarted}
{"logTime": "0625/162454", "correlationVector":"QPVSDP5ToGeL5/80mW/9ds","action":"Commit Request", "result":"", "context":Item count: 12
Contributing types: History}
{"logTime": "0625/162455", "correlationVector":"QPVSDP5ToGeL5/80mW/9ds.1","action":"SyncServerConnectionManagerRequest", "result":"SYNC_SERVER_OK", "context":{"environment":"Prod_southeastasia_prod-s01-064-apac-southeastasia", "migrationStage":"NotStarted", "server":"akswtt00800002g"}}
{"logTime": "0625/162455", "correlationVector":"QPVSDP5ToGeL5/80mW/9ds.2","action":"Commit Response", "result":"Success", "context":Result: Success. cV=QPVSDP5ToGeL5/80mW/9ds.0;server=akswtt00800002g;cloudType=Consumer;environment=Prod_southeastasia_prod-s01-064-apac-southeastasia;migrationStage=NotStarted}
{"logTime": "0625/162555", "correlationVector":"6QBf2C7su8CzZNRv+ku4Nb","action":"Commit Request", "result":"", "context":Item count: 2
Contributing types: History}
{"logTime": "0625/162555", "correlationVector":"6QBf2C7su8CzZNRv+ku4Nb.1","action":"SyncServerConnectionManagerRequest", "result":"SYNC_SERVER_OK", "context":{"environment":"Prod_southeastasia_prod-s01-064-apac-southeastasia", "migrationStage":"NotStarted", "server":"akswtt00800001v"}}
{"logTime": "0625/162555", "correlationVector":"6QBf2C7su8CzZNRv+ku4Nb.2","action":"Commit Response", "result":"Success", "context":Result: Success. cV=6QBf2C7su8CzZNRv+ku4Nb.0;server=akswtt00800001v;cloudType=Consumer;environment=Prod_southeastasia_prod-s01-064-apac-southeastasia;migrationStage=NotStarted}
{"logTime": "0625/162918", "correlationVector":"mp2cM7zaqUjwB4+B4aBJjj","action":"Commit Request", "result":"", "context":Item count: 9
Contributing types: History}
{"logTime": "0625/162919", "correlationVector":"mp2cM7zaqUjwB4+B4aBJjj.1","action":"SyncServerConnectionManagerRequest", "result":"SYNC_SERVER_OK", "context":{"environment":"Prod_southeastasia_prod-s01-064-apac-southeastasia", "migrationStage":"NotStarted", "server":"akswtt00800001c"}}
{"logTime": "0625/162919", "correlationVector":"mp2cM7zaqUjwB4+B4aBJjj.2","action":"Commit Response", "result":"Success", "context":Result: Success. cV=mp2cM7zaqUjwB4+B4aBJjj.0;server=akswtt00800001c;cloudType=Consumer;environment=Prod_southeastasia_prod-s01-064-apac-southeastasia;migrationStage=NotStarted}
{"logTime": "0625/163445", "correlationVector":"do9QseWinDKWE2+DllN8Z4","action":"Commit Request", "result":"", "context":Item count: 11
Contributing types: History}
{"logTime": "0625/163447", "correlationVector":"do9QseWinDKWE2+DllN8Z4.1","action":"SyncServerConnectionManagerRequest", "result":"SYNC_SERVER_OK", "context":{"environment":"Prod_southeastasia_prod-s01-064-apac-southeastasia", "migrationStage":"NotStarted", "server":"akswtt00800001y"}}
{"logTime": "0625/163447", "correlationVector":"do9QseWinDKWE2+DllN8Z4.2","action":"Commit Response", "result":"Success", "context":Result: Success. cV=do9QseWinDKWE2+DllN8Z4.0;server=akswtt00800001y;cloudType=Consumer;environment=Prod_southeastasia_prod-s01-064-apac-southeastasia;migrationStage=NotStarted}
{"logTime": "0625/163604", "correlationVector":"hGk8HUkM+05JQkFeDQAIeV","action":"Commit Request", "result":"", "context":Item count: 6
Contributing types: History}
{"logTime": "0625/163605", "correlationVector":"hGk8HUkM+05JQkFeDQAIeV.1","action":"SyncServerConnectionManagerRequest", "result":"SYNC_SERVER_OK", "context":{"environment":"Prod_southeastasia_prod-s01-065-apac-southeastasia", "migrationStage":"NotStarted", "server":"akswtt00800002s"}}
{"logTime": "0625/163605", "correlationVector":"hGk8HUkM+05JQkFeDQAIeV.2","action":"Commit Response", "result":"Success", "context":Result: Success. cV=hGk8HUkM+05JQkFeDQAIeV.0;server=akswtt00800002s;cloudType=Consumer;environment=Prod_southeastasia_prod-s01-065-apac-southeastasia;migrationStage=NotStarted}
{"logTime": "0625/164115", "correlationVector":"93CCy0Vh8e9l/yjwv2Qojt.1","action":"SyncServerConnectionManagerRequest", "result":"SYNC_SERVER_OK", "context":{"environment":"Prod_southeastasia_prod-s01-064-apac-southeastasia", "migrationStage":"NotStarted", "server":"akswtt00800004g"}}
{"logTime": "0625/164115", "correlationVector":"93CCy0Vh8e9l/yjwv2Qojt.2","action":"ProcessGetUpdates", "result":"Done", "context":{"dataType":"Encryption Keys", "deleted":"0", "process_failed_to_decrypt":"0", "process_pending_decryption":"0", "process_success":"1", "total":"1"}}
{"logTime": "0625/164116", "correlationVector":"yuSyksqRjIS1aqD9AO3T9w","action":"SyncServerConnectionManagerRequest", "result":"SYNC_SERVER_OK", "context":{"environment":"", "migrationStage":"", "server":""}}
{"logTime": "0625/164116", "correlationVector":"yuSyksqRjIS1aqD9AO3T9w.0","action":"EncryptionKeysFetcher.DownloadKeys:", "result":"Success", "context":Key count: 5, Last key timestamp: 2025-01-26T19:12:55Z}
{"logTime": "0625/164116", "correlationVector":"yuSyksqRjIS1aqD9AO3T9w.1","action":"EncryptionKeysManager::SetEncryptionKeys:", "result":"Success", "context":Key names[5]:[SpN49Jm9qgWDnSWGl//HtsAjc/BSDSm15yrymMPqdY46QImgwHDfOzk7ymKv7spuce/f8IDNav9nKbGDmk8A1w==][0GQuoEBsxtNTIeoBjv2Q3E5NTtFDfVlPrImxhWmuQz0wgd+8FQdlaTdspT0zG+j6dlGoKCX/5aQT60UNMU3mBg==][xLkxbCIJ2l77Co9IC4+MxmJAj+BmnBhm6CQEAZdpFG9+SXVfT8B2sIYpWp7gN3CeYO9g7abhlAmGf3LKKTd8rw==][dSEMZfPF4eb/gxTVA1RVSqceVxvUH4iojs8NK70hUQXcPPmUOgDpuQ3bTPTZALHGT9YtgEKhDSBxlWVfNOcSmg==][/PRKsogdeGowjohR1k0KfQH7XmRfnJao1QxTyUI1AN+79EeORrySjmqnlCjSasGnZdDaqTQK65jSos+BjcW+rg==]}
{"logTime": "0625/164116", "correlationVector":"yuSyksqRjIS1aqD9AO3T9w.2","action":"EncryptionKeysManager::SetEncryptionKeysWithTimestamps:", "result":"Success", "context":Key timestamps[5]:[2022-05-30T13:22:54Z][2023-08-03T08:50:55Z][2024-01-31T03:35:21Z][2024-07-29T06:27:56Z][2025-01-26T19:12:55Z]}
{"logTime": "0625/164116", "correlationVector":"93CCy0Vh8e9l/yjwv2Qojt","action":"Initial GetUpdates", "result":"", "context":Reason: NEW_CLIENT. cV=93CCy0Vh8e9l/yjwv2Qojt}
{"logTime": "0625/164116", "correlationVector":"93CCy0Vh8e9l/yjwv2Qojt.3","action":"GetUpdates Response", "result":"Success", "context":Received 1 update(s). cV=93CCy0Vh8e9l/yjwv2Qojt.0;server=akswtt00800004g;cloudType=Consumer;environment=Prod_southeastasia_prod-s01-064-apac-southeastasia;migrationStage=NotStarted}
{"logTime": "0625/164116", "correlationVector":"0v6psg4g1x2id8BaKPyMuL","action":"Initial GetUpdates", "result":"", "context":Reason: NEWLY_SUPPORTED_DATATYPE. cV=0v6psg4g1x2id8BaKPyMuL}
{"logTime": "0625/164116", "correlationVector":"0v6psg4g1x2id8BaKPyMuL.1","action":"SyncServerConnectionManagerRequest", "result":"SYNC_SERVER_OK", "context":{"environment":"Prod_southeastasia_prod-s01-064-apac-southeastasia", "migrationStage":"NotStarted", "server":"akswtt008000025"}}
{"logTime": "0625/164116", "correlationVector":"0v6psg4g1x2id8BaKPyMuL.2","action":"ProcessGetUpdates", "result":"Done", "context":{"dataType":"Passwords", "deleted":"24", "process_failed_to_decrypt":"0", "process_pending_decryption":"0", "process_success":"157", "total":"157"}}
{"logTime": "0625/164116", "correlationVector":"0v6psg4g1x2id8BaKPyMuL.3","action":"GetUpdates Response", "result":"Success", "context":Received 157 update(s). cV=0v6psg4g1x2id8BaKPyMuL.0;server=akswtt008000025;cloudType=Consumer;environment=Prod_southeastasia_prod-s01-064-apac-southeastasia;migrationStage=NotStarted}
{"logTime": "0625/164116", "correlationVector":"LHToUxlND1QgLcqsGmV6N4","action":"Normal GetUpdate request", "result":"", "context":cV=LHToUxlND1QgLcqsGmV6N4
Nudged types: History
Refresh requested types: Bookmarks, Passwords, Autofill Profiles, Autofill, History, Edge Wallet, Encryption Keys}
{"logTime": "0625/164117", "correlationVector":"LHToUxlND1QgLcqsGmV6N4.1","action":"SyncServerConnectionManagerRequest", "result":"SYNC_SERVER_OK", "context":{"environment":"Prod_southeastasia_prod-s01-064-apac-southeastasia", "migrationStage":"NotStarted", "server":"akswtt00800002s"}}
{"logTime": "0625/164117", "correlationVector":"LHToUxlND1QgLcqsGmV6N4.2","action":"ProcessGetUpdates", "result":"Done", "context":{"dataType":"History", "deleted":"0", "process_failed_to_decrypt":"0", "process_pending_decryption":"0", "process_success":"78", "total":"78"}}
{"logTime": "0625/164117", "correlationVector":"LHToUxlND1QgLcqsGmV6N4.3","action":"GetUpdates Response", "result":"Success", "context":Received 78 update(s). cV=LHToUxlND1QgLcqsGmV6N4.0;server=akswtt00800002s;cloudType=Consumer;environment=Prod_southeastasia_prod-s01-064-apac-southeastasia;migrationStage=NotStarted}
{"logTime": "0625/164117", "correlationVector":"l8KKvfGYrs6WgoM7B/CYmW","action":"Commit Request", "result":"", "context":Item count: 3
Contributing types: History}
{"logTime": "0625/164118", "correlationVector":"l8KKvfGYrs6WgoM7B/CYmW.1","action":"SyncServerConnectionManagerRequest", "result":"SYNC_SERVER_OK", "context":{"environment":"Prod_southeastasia_prod-s01-064-apac-southeastasia", "migrationStage":"NotStarted", "server":"akswtt008000020"}}
{"logTime": "0625/164118", "correlationVector":"l8KKvfGYrs6WgoM7B/CYmW.2","action":"Commit Response", "result":"Success", "context":Result: Success. cV=l8KKvfGYrs6WgoM7B/CYmW.0;server=akswtt008000020;cloudType=Consumer;environment=Prod_southeastasia_prod-s01-064-apac-southeastasia;migrationStage=NotStarted}
{"logTime": "0625/164707", "correlationVector":"1dZpbQIGrPTI0ehvjd2g8a.1","action":"SyncServerConnectionManagerRequest", "result":"SYNC_SERVER_OK", "context":{"environment":"Prod_southeastasia_prod-s01-064-apac-southeastasia", "migrationStage":"NotStarted", "server":"akswtt00800003z"}}
{"logTime": "0625/164707", "correlationVector":"1dZpbQIGrPTI0ehvjd2g8a.2","action":"ProcessGetUpdates", "result":"Done", "context":{"dataType":"Encryption Keys", "deleted":"0", "process_failed_to_decrypt":"0", "process_pending_decryption":"0", "process_success":"1", "total":"1"}}
{"logTime": "0625/164707", "correlationVector":"XARsemnFuSXJ3FdqE0F05r","action":"SyncServerConnectionManagerRequest", "result":"SYNC_SERVER_OK", "context":{"environment":"", "migrationStage":"", "server":""}}
{"logTime": "0625/164707", "correlationVector":"XARsemnFuSXJ3FdqE0F05r.0","action":"EncryptionKeysFetcher.DownloadKeys:", "result":"Success", "context":Key count: 5, Last key timestamp: 2025-01-26T19:12:55Z}
{"logTime": "0625/164707", "correlationVector":"XARsemnFuSXJ3FdqE0F05r.1","action":"EncryptionKeysManager::SetEncryptionKeys:", "result":"Success", "context":Key names[5]:[SpN49Jm9qgWDnSWGl//HtsAjc/BSDSm15yrymMPqdY46QImgwHDfOzk7ymKv7spuce/f8IDNav9nKbGDmk8A1w==][0GQuoEBsxtNTIeoBjv2Q3E5NTtFDfVlPrImxhWmuQz0wgd+8FQdlaTdspT0zG+j6dlGoKCX/5aQT60UNMU3mBg==][xLkxbCIJ2l77Co9IC4+MxmJAj+BmnBhm6CQEAZdpFG9+SXVfT8B2sIYpWp7gN3CeYO9g7abhlAmGf3LKKTd8rw==][dSEMZfPF4eb/gxTVA1RVSqceVxvUH4iojs8NK70hUQXcPPmUOgDpuQ3bTPTZALHGT9YtgEKhDSBxlWVfNOcSmg==][/PRKsogdeGowjohR1k0KfQH7XmRfnJao1QxTyUI1AN+79EeORrySjmqnlCjSasGnZdDaqTQK65jSos+BjcW+rg==]}
{"logTime": "0625/164707", "correlationVector":"XARsemnFuSXJ3FdqE0F05r.2","action":"EncryptionKeysManager::SetEncryptionKeysWithTimestamps:", "result":"Success", "context":Key timestamps[5]:[2022-05-30T13:22:54Z][2023-08-03T08:50:55Z][2024-01-31T03:35:21Z][2024-07-29T06:27:56Z][2025-01-26T19:12:55Z]}
{"logTime": "0625/164707", "correlationVector":"1dZpbQIGrPTI0ehvjd2g8a","action":"Initial GetUpdates", "result":"", "context":Reason: NEW_CLIENT. cV=1dZpbQIGrPTI0ehvjd2g8a}
{"logTime": "0625/164707", "correlationVector":"1dZpbQIGrPTI0ehvjd2g8a.3","action":"GetUpdates Response", "result":"Success", "context":Received 1 update(s). cV=1dZpbQIGrPTI0ehvjd2g8a.0;server=akswtt00800003z;cloudType=Consumer;environment=Prod_southeastasia_prod-s01-064-apac-southeastasia;migrationStage=NotStarted}
{"logTime": "0625/164707", "correlationVector":"2oIeiKDTMLJw+xZyDeBFmV","action":"Initial GetUpdates", "result":"", "context":Reason: NEWLY_SUPPORTED_DATATYPE. cV=2oIeiKDTMLJw+xZyDeBFmV}
{"logTime": "0625/164708", "correlationVector":"2oIeiKDTMLJw+xZyDeBFmV.1","action":"SyncServerConnectionManagerRequest", "result":"SYNC_SERVER_OK", "context":{"environment":"Prod_southeastasia_prod-s01-064-apac-southeastasia", "migrationStage":"NotStarted", "server":"akswtt00800002t"}}
{"logTime": "0625/164708", "correlationVector":"2oIeiKDTMLJw+xZyDeBFmV.2","action":"ProcessGetUpdates", "result":"Done", "context":{"dataType":"Passwords", "deleted":"24", "process_failed_to_decrypt":"0", "process_pending_decryption":"0", "process_success":"157", "total":"157"}}
{"logTime": "0625/164708", "correlationVector":"2oIeiKDTMLJw+xZyDeBFmV.3","action":"GetUpdates Response", "result":"Success", "context":Received 157 update(s). cV=2oIeiKDTMLJw+xZyDeBFmV.0;server=akswtt00800002t;cloudType=Consumer;environment=Prod_southeastasia_prod-s01-064-apac-southeastasia;migrationStage=NotStarted}
{"logTime": "0625/164708", "correlationVector":"FJxbZjcSTzT+sIaRJ8XbSu","action":"Normal GetUpdate request", "result":"", "context":cV=FJxbZjcSTzT+sIaRJ8XbSu
Nudged types: History
Refresh requested types: Bookmarks, Passwords, Autofill Profiles, Autofill, History, Edge Wallet, Encryption Keys}
{"logTime": "0625/164708", "correlationVector":"FJxbZjcSTzT+sIaRJ8XbSu.1","action":"SyncServerConnectionManagerRequest", "result":"SYNC_SERVER_OK", "context":{"environment":"Prod_southeastasia_prod-s01-064-apac-southeastasia", "migrationStage":"NotStarted", "server":"akswtt00800002u"}}
{"logTime": "0625/164708", "correlationVector":"FJxbZjcSTzT+sIaRJ8XbSu.2","action":"ProcessGetUpdates", "result":"Done", "context":{"dataType":"History", "deleted":"0", "process_failed_to_decrypt":"0", "process_pending_decryption":"0", "process_success":"15", "total":"15"}}
{"logTime": "0625/164708", "correlationVector":"FJxbZjcSTzT+sIaRJ8XbSu.3","action":"GetUpdates Response", "result":"Success", "context":Received 15 update(s). cV=FJxbZjcSTzT+sIaRJ8XbSu.0;server=akswtt00800002u;cloudType=Consumer;environment=Prod_southeastasia_prod-s01-064-apac-southeastasia;migrationStage=NotStarted}
{"logTime": "0625/164708", "correlationVector":"mG9DZglxDNeyS4rasqPCut","action":"Commit Request", "result":"", "context":Item count: 3
Contributing types: History}
{"logTime": "0625/164709", "correlationVector":"mG9DZglxDNeyS4rasqPCut.1","action":"SyncServerConnectionManagerRequest", "result":"SYNC_SERVER_OK", "context":{"environment":"Prod_southeastasia_prod-s01-064-apac-southeastasia", "migrationStage":"NotStarted", "server":"akswtt00800001c"}}
{"logTime": "0625/164709", "correlationVector":"mG9DZglxDNeyS4rasqPCut.2","action":"Commit Response", "result":"Success", "context":Result: Success. cV=mG9DZglxDNeyS4rasqPCut.0;server=akswtt00800001c;cloudType=Consumer;environment=Prod_southeastasia_prod-s01-064-apac-southeastasia;migrationStage=NotStarted}
{"logTime": "0625/164809", "correlationVector":"sWCkS6DMi2blck13D9Laze","action":"Commit Request", "result":"", "context":Item count: 2
Contributing types: History}
{"logTime": "0625/164810", "correlationVector":"sWCkS6DMi2blck13D9Laze.1","action":"SyncServerConnectionManagerRequest", "result":"SYNC_SERVER_OK", "context":{"environment":"Prod_southeastasia_prod-s01-064-apac-southeastasia", "migrationStage":"NotStarted", "server":"akswtt00800001l"}}
{"logTime": "0625/164810", "correlationVector":"sWCkS6DMi2blck13D9Laze.2","action":"Commit Response", "result":"Success", "context":Result: Success. cV=sWCkS6DMi2blck13D9Laze.0;server=akswtt00800001l;cloudType=Consumer;environment=Prod_southeastasia_prod-s01-064-apac-southeastasia;migrationStage=NotStarted}
{"logTime": "0625/164910", "correlationVector":"tKE9ehEmfDPFIa1lq+IvGt","action":"Commit Request", "result":"", "context":Item count: 3
Contributing types: History}
{"logTime": "0625/164911", "correlationVector":"tKE9ehEmfDPFIa1lq+IvGt.1","action":"SyncServerConnectionManagerRequest", "result":"SYNC_SERVER_OK", "context":{"environment":"Prod_southeastasia_prod-s01-064-apac-southeastasia", "migrationStage":"NotStarted", "server":"akswtt008000047"}}
{"logTime": "0625/164911", "correlationVector":"tKE9ehEmfDPFIa1lq+IvGt.2","action":"Commit Response", "result":"Success", "context":Result: Success. cV=tKE9ehEmfDPFIa1lq+IvGt.0;server=akswtt008000047;cloudType=Consumer;environment=Prod_southeastasia_prod-s01-064-apac-southeastasia;migrationStage=NotStarted}
{"logTime": "0625/165045", "correlationVector":"HaAzf3PYFNZNKWMPGHKcSD","action":"Commit Request", "result":"", "context":Item count: 3
Contributing types: History}
{"logTime": "0625/165046", "correlationVector":"HaAzf3PYFNZNKWMPGHKcSD.1","action":"SyncServerConnectionManagerRequest", "result":"SYNC_SERVER_OK", "context":{"environment":"Prod_southeastasia_prod-s01-064-apac-southeastasia", "migrationStage":"NotStarted", "server":"akswtt00800003s"}}
{"logTime": "0625/165046", "correlationVector":"HaAzf3PYFNZNKWMPGHKcSD.2","action":"Commit Response", "result":"Success", "context":Result: Success. cV=HaAzf3PYFNZNKWMPGHKcSD.0;server=akswtt00800003s;cloudType=Consumer;environment=Prod_southeastasia_prod-s01-064-apac-southeastasia;migrationStage=NotStarted}
