2025-06-25 15:50:52.186: [INFO][Sync] Reset engine, reason: 8
2025-06-25 15:50:52.186: [INFO][Sync] Stopped: Bookmarks
2025-06-25 15:50:52.186: [INFO][Sync] Stopped: Preferences
2025-06-25 15:50:52.186: [INFO][Sync] Stopped: Passwords
2025-06-25 15:50:52.186: [INFO][Sync] Stopped: Autofill Profiles
2025-06-25 15:50:52.186: [INFO][Sync] Stopped: Autofill
2025-06-25 15:50:52.186: [INFO][Sync] Stopped: Extensions
2025-06-25 15:50:52.186: [INFO][Sync] Stopped: Sessions
2025-06-25 15:50:52.186: [INFO][Sync] Stopped: Extension settings
2025-06-25 15:50:52.186: [INFO][Sync] Stopped: History Delete Directives
2025-06-25 15:50:52.186: [INFO][Sync] Stopped: Device Info
2025-06-25 15:50:52.186: [INFO][Sync] Stopped: User Consents
2025-06-25 15:50:52.186: [INFO][Sync] Stopped: Send Tab To Self
2025-06-25 15:50:52.186: [INFO][Sync] Stopped: Web Apps
2025-06-25 15:50:52.187: [INFO][Sync] Stopped: History
2025-06-25 15:50:52.187: [INFO][Sync] Stopped: Saved Tab Group
2025-06-25 15:50:52.187: [INFO][Sync] Stopped: WebAuthn Credentials
2025-06-25 15:50:52.187: [INFO][Sync] Stopped: Collection
2025-06-25 15:50:52.187: [INFO][Sync] Stopped: Edge E Drop
2025-06-25 15:50:52.187: [INFO][Sync] Stopped: Edge Hub App Usage
2025-06-25 15:50:52.187: [INFO][Sync] Stopped: Edge Wallet
2025-06-25 15:50:52.187: [INFO][Sync] SyncState after authenticated was: NotSignedIn
2025-06-25 15:50:52.354: [INFO][Sync] Reset engine, reason: 8
2025-06-25 15:50:52.354: [INFO][Sync] Stopped: Bookmarks
2025-06-25 15:50:52.354: [INFO][Sync] Stopped: Preferences
2025-06-25 15:50:52.354: [INFO][Sync] Stopped: Passwords
2025-06-25 15:50:52.354: [INFO][Sync] Stopped: Autofill Profiles
2025-06-25 15:50:52.354: [INFO][Sync] Stopped: Autofill
2025-06-25 15:50:52.354: [INFO][Sync] Stopped: Extensions
2025-06-25 15:50:52.354: [INFO][Sync] Stopped: Sessions
2025-06-25 15:50:52.354: [INFO][Sync] Stopped: Extension settings
2025-06-25 15:50:52.354: [INFO][Sync] Stopped: History Delete Directives
2025-06-25 15:50:52.354: [INFO][Sync] Stopped: Device Info
2025-06-25 15:50:52.354: [INFO][Sync] Stopped: User Consents
2025-06-25 15:50:52.354: [INFO][Sync] Stopped: Send Tab To Self
2025-06-25 15:50:52.354: [INFO][Sync] Stopped: Web Apps
2025-06-25 15:50:52.354: [INFO][Sync] Stopped: History
2025-06-25 15:50:52.354: [INFO][Sync] Stopped: Saved Tab Group
2025-06-25 15:50:52.354: [INFO][Sync] Stopped: WebAuthn Credentials
2025-06-25 15:50:52.354: [INFO][Sync] Stopped: Collection
2025-06-25 15:50:52.354: [INFO][Sync] Stopped: Edge E Drop
2025-06-25 15:50:52.354: [INFO][Sync] Stopped: Edge Hub App Usage
2025-06-25 15:50:52.354: [INFO][Sync] Stopped: Edge Wallet
2025-06-25 15:50:52.424: [INFO][Sync] Try to start sync engine
2025-06-25 15:50:52.424: [INFO][SyncManagerImpl::NudgeForInitialDownload] Initial download nudge for Encryption Keys
2025-06-25 15:50:52.424: [INFO][SyncEngineBackend::LoadAndConnectNigoriController] Load and connect Nigori controller
2025-06-25 15:50:52.424: [INFO][SyncEngineBackend::DoInitialize] Control Types added: Encryption Keys
2025-06-25 15:50:52.424: [INFO][SyncManagerImpl::ConfigureSyncer] Types to download: Encryption Keys with reason: 3
2025-06-25 15:50:52.425: [INFO][SyncSchedulerImpl::DoConfigurationSyncCycleJob] Configure job was blocked
2025-06-25 15:50:52.477: [INFO][SyncAuthManager::SetLastAuthError] Current auth error: None
2025-06-25 15:50:52.477: [INFO][SyncAuthManager::EdgeLogTokenErrorState] Token error with: None for account type: MSA
2025-06-25 15:50:52.477: [INFO][Sync] Credentials changed for: EdgeSyncScopeNew
2025-06-25 15:50:54.675: [INFO][SyncAuthManager::SetLastAuthError] Current auth error: None
2025-06-25 15:50:54.675: [INFO][SyncAuthManager::EdgeLogTokenErrorState] Token error with: None for account type: MSA
2025-06-25 15:50:54.675: [INFO][Sync] Credentials changed for: EdgeSyncKeyDataScope
2025-06-25 15:50:54.675: [INFO][SyncEngineBackend::DoUpdateKeyDataCredentials] Update key data credentials
2025-06-25 15:50:54.675: [INFO][SyncEngineBackend::DoUpdateCredentials] Update credentials
2025-06-25 15:50:54.675: [INFO][SyncSchedulerImpl::DoConfigurationSyncCycleJob] Blocked types:  and types to download: Encryption Keys
2025-06-25 15:50:56.337: [INFO][Sync] Started DataTypeManager configuration, reason: 4
2025-06-25 15:50:56.337: [INFO][Sync] Configuring for: Bookmarks, Preferences, Passwords, Autofill Profiles, Autofill, Extensions, Sessions, Extension settings, History Delete Directives, Device Info, User Consents, Send Tab To Self, Web Apps, History, Saved Tab Group, WebAuthn Credentials, Collection, Edge E Drop, Edge Hub App Usage, Edge Wallet, Encryption Keys, reason: 3, current state: 0
2025-06-25 15:50:56.338: [WARN][Sync] Crypto error data types: Passwords, Autofill Profiles, Autofill
2025-06-25 15:50:56.338: [INFO][Sync] Configure, desired: Bookmarks, Preferences, Extensions, Sessions, Extension settings, History Delete Directives, Device Info, User Consents, Send Tab To Self, Web Apps, History, Saved Tab Group, WebAuthn Credentials, Collection, Edge E Drop, Edge Hub App Usage, Edge Wallet, Encryption Keys; Allow fail: Passwords, Autofill Profiles, Autofill
2025-06-25 15:50:56.338: [INFO][Sync] Loading: Bookmarks
2025-06-25 15:50:56.338: [ERROR][Sync] Load Preferences, failed: ConstructDataTypeStoreOnFrontendSequence@components\sync\model\data_type_store_service_impl.cc:105: DataTypeStore backend initialization failed
2025-06-25 15:50:56.338: [ERROR][Sync] Stoping type: Preferences, error: DataTypeStore backend initialization failed
2025-06-25 15:50:56.338: [INFO][Sync] Loading: Preferences
2025-06-25 15:50:56.338: [ERROR][Sync] Load Extensions, failed: ConstructDataTypeStoreOnFrontendSequence@components\sync\model\data_type_store_service_impl.cc:105: DataTypeStore backend initialization failed
2025-06-25 15:50:56.338: [ERROR][Sync] Stoping type: Extensions, error: DataTypeStore backend initialization failed
2025-06-25 15:50:56.338: [INFO][Sync] Loading: Extensions
2025-06-25 15:50:56.338: [INFO][Sync] Loading: Sessions
2025-06-25 15:50:56.338: [INFO][Sync] Loading: Extension settings
2025-06-25 15:50:56.338: [ERROR][Sync] Load History Delete Directives, failed: ConstructDataTypeStoreOnFrontendSequence@components\sync\model\data_type_store_service_impl.cc:105: DataTypeStore backend initialization failed
2025-06-25 15:50:56.338: [ERROR][Sync] Stoping type: History Delete Directives, error: DataTypeStore backend initialization failed
2025-06-25 15:50:56.338: [INFO][Sync] Loading: History Delete Directives
2025-06-25 15:50:56.338: [ERROR][Sync] Load Device Info, failed: ConstructDataTypeStoreOnFrontendSequence@components\sync\model\data_type_store_service_impl.cc:105: DataTypeStore backend initialization failed
2025-06-25 15:50:56.338: [ERROR][Sync] Stoping type: Device Info, error: DataTypeStore backend initialization failed
2025-06-25 15:50:56.338: [INFO][Sync] Loading: Device Info
2025-06-25 15:50:56.338: [ERROR][Sync] Load User Consents, failed: ConstructDataTypeStoreOnFrontendSequence@components\sync\model\data_type_store_service_impl.cc:105: DataTypeStore backend initialization failed
2025-06-25 15:50:56.338: [ERROR][Sync] Stoping type: User Consents, error: DataTypeStore backend initialization failed
2025-06-25 15:50:56.338: [INFO][Sync] Loading: User Consents
2025-06-25 15:50:56.338: [ERROR][Sync] Load Send Tab To Self, failed: ConstructDataTypeStoreOnFrontendSequence@components\sync\model\data_type_store_service_impl.cc:105: DataTypeStore backend initialization failed
2025-06-25 15:50:56.338: [ERROR][Sync] Stoping type: Send Tab To Self, error: DataTypeStore backend initialization failed
2025-06-25 15:50:56.338: [INFO][Sync] Loading: Send Tab To Self
2025-06-25 15:50:56.338: [ERROR][Sync] Load Web Apps, failed: ConstructDataTypeStoreOnFrontendSequence@components\sync\model\data_type_store_service_impl.cc:105: DataTypeStore backend initialization failed
2025-06-25 15:50:56.338: [ERROR][Sync] Stoping type: Web Apps, error: DataTypeStore backend initialization failed
2025-06-25 15:50:56.338: [INFO][Sync] Loading: Web Apps
2025-06-25 15:50:56.338: [INFO][Sync] Loading: History
2025-06-25 15:50:56.338: [ERROR][Sync] Load Saved Tab Group, failed: ConstructDataTypeStoreOnFrontendSequence@components\sync\model\data_type_store_service_impl.cc:105: DataTypeStore backend initialization failed
2025-06-25 15:50:56.338: [ERROR][Sync] Stoping type: Saved Tab Group, error: DataTypeStore backend initialization failed
2025-06-25 15:50:56.338: [INFO][Sync] Loading: Saved Tab Group
2025-06-25 15:50:56.338: [ERROR][Sync] Load WebAuthn Credentials, failed: ConstructDataTypeStoreOnFrontendSequence@components\sync\model\data_type_store_service_impl.cc:105: DataTypeStore backend initialization failed
2025-06-25 15:50:56.338: [ERROR][Sync] Stoping type: WebAuthn Credentials, error: DataTypeStore backend initialization failed
2025-06-25 15:50:56.338: [INFO][Sync] Loading: WebAuthn Credentials
2025-06-25 15:50:56.338: [ERROR][Sync] Load Collection, failed: ConstructDataTypeStoreOnFrontendSequence@components\sync\model\data_type_store_service_impl.cc:105: DataTypeStore backend initialization failed
2025-06-25 15:50:56.338: [ERROR][Sync] Stoping type: Collection, error: DataTypeStore backend initialization failed
2025-06-25 15:50:56.338: [INFO][Sync] Loading: Collection
2025-06-25 15:50:56.338: [INFO][Sync] Loading: Edge E Drop
2025-06-25 15:50:56.338: [INFO][Sync] Loading: Edge Hub App Usage
2025-06-25 15:50:56.338: [INFO][Sync] Loading: Edge Wallet
2025-06-25 15:50:56.339: [ERROR][Sync] Load Sessions, failed: ConstructDataTypeStoreOnFrontendSequence@components\sync\model\data_type_store_service_impl.cc:105: DataTypeStore backend initialization failed
2025-06-25 15:50:56.339: [ERROR][Sync] Stoping type: Sessions, error: DataTypeStore backend initialization failed
2025-06-25 15:50:56.339: [ERROR][Sync] Load Extension settings, failed: ConstructDataTypeStoreOnFrontendSequence@components\sync\model\data_type_store_service_impl.cc:105: DataTypeStore backend initialization failed
2025-06-25 15:50:56.339: [ERROR][Sync] Stoping type: Extension settings, error: DataTypeStore backend initialization failed
2025-06-25 15:50:56.339: [ERROR][Sync] Load Edge E Drop, failed: EDropSyncBridge@components\edge_e_drop\core\browser\sync\e_drop_sync_bridge.cc:70: DataTypeStore for Drop initialization failed
2025-06-25 15:50:56.339: [ERROR][Sync] Stoping type: Edge E Drop, error: DataTypeStore for Drop initialization failed
2025-06-25 15:50:56.339: [ERROR][Sync] Load Edge Hub App Usage, failed: EdgeHubAppUsageSyncBridge@components\edge_hub_apps\sync\edge_hub_app_usage_sync_bridge.cc:55: ModelTypeStore for Hub App Usage initialization failed
2025-06-25 15:50:56.339: [ERROR][Sync] Stoping type: Edge Hub App Usage, error: ModelTypeStore for Hub App Usage initialization failed
2025-06-25 15:50:56.339: [INFO][Sync] Configuring for: Bookmarks, Preferences, Passwords, Autofill Profiles, Autofill, Extensions, Sessions, Extension settings, History Delete Directives, Device Info, User Consents, Send Tab To Self, Web Apps, History, Saved Tab Group, WebAuthn Credentials, Collection, Edge E Drop, Edge Hub App Usage, Edge Wallet, Encryption Keys, reason: 3, current state: 2
2025-06-25 15:50:56.339: [WARN][Sync] Crypto error data types: 
2025-06-25 15:50:56.339: [INFO][Sync] Configure, desired: Bookmarks, History, Edge Wallet, Encryption Keys; Allow fail: Preferences, Passwords, Autofill Profiles, Autofill, Extensions, Sessions, Extension settings, History Delete Directives, Device Info, User Consents, Send Tab To Self, Web Apps, Saved Tab Group, WebAuthn Credentials, Collection, Edge E Drop, Edge Hub App Usage
2025-06-25 15:50:56.339: [INFO][Sync] All data types are ready for configure.
2025-06-25 15:50:57.056: [INFO][Sync] Started DataTypeManager configuration, reason: 5
2025-06-25 15:50:57.056: [INFO][Sync] Configuring for: Bookmarks, Preferences, Passwords, Autofill Profiles, Autofill, Extensions, Sessions, Extension settings, History Delete Directives, Device Info, User Consents, Send Tab To Self, Web Apps, History, Saved Tab Group, WebAuthn Credentials, Collection, Edge E Drop, Edge Hub App Usage, Edge Wallet, Encryption Keys, reason: 5, current state: 1
2025-06-25 15:50:57.059: [INFO][SyncEngineBackend::DoStartConfiguration] Start configuration
2025-06-25 15:50:57.060: [INFO][SyncManagerImpl::NudgeForInitialDownload] Initial download nudge for Bookmarks
2025-06-25 15:50:57.060: [INFO][SyncManagerImpl::NudgeForInitialDownload] Initial download nudge for History
2025-06-25 15:50:57.060: [INFO][SyncManagerImpl::NudgeForInitialDownload] Initial download nudge for Edge Wallet
2025-06-25 15:50:57.060: [INFO][SyncManagerImpl::ConfigureSyncer] Types to download:  with reason: 3
2025-06-25 15:50:57.060: [INFO][SyncEngineBackend::DoFinishConfigureDataTypes] Failed to download types:  and succeeded types: 
2025-06-25 15:50:57.060: [INFO][Sync] ConfigurationDone, failed: , succeeded: , remaining count: 3
2025-06-25 15:50:57.060: [WARN][Sync]     Reconfigure requested while configuration ongoing.
2025-06-25 15:50:57.060: [INFO][Sync] Configuring for: Bookmarks, Preferences, Passwords, Autofill Profiles, Autofill, Extensions, Sessions, Extension settings, History Delete Directives, Device Info, User Consents, Send Tab To Self, Web Apps, History, Saved Tab Group, WebAuthn Credentials, Collection, Edge E Drop, Edge Hub App Usage, Edge Wallet, Encryption Keys, reason: 5, current state: 2
2025-06-25 15:50:57.060: [INFO][Sync] Configure, desired: Bookmarks, Passwords, Autofill Profiles, Autofill, History, Edge Wallet, Encryption Keys; Allow fail: Preferences, Extensions, Sessions, Extension settings, History Delete Directives, Device Info, User Consents, Send Tab To Self, Web Apps, Saved Tab Group, WebAuthn Credentials, Collection, Edge E Drop, Edge Hub App Usage
2025-06-25 15:50:57.060: [INFO][Sync] Loading: Passwords
2025-06-25 15:50:57.060: [INFO][Sync] Loading: Autofill Profiles
2025-06-25 15:50:57.060: [INFO][Sync] Loading: Autofill
2025-06-25 15:50:57.060: [INFO][Sync] All data types are ready for configure.
2025-06-25 15:50:57.060: [INFO][SyncManagerImpl::NudgeForInitialDownload] Initial download nudge for Passwords
2025-06-25 15:50:57.060: [INFO][SyncManagerImpl::NudgeForInitialDownload] Initial download nudge for Autofill Profiles
2025-06-25 15:50:57.060: [INFO][SyncManagerImpl::NudgeForInitialDownload] Initial download nudge for Autofill
2025-06-25 15:50:57.060: [INFO][SyncManagerImpl::ConfigureSyncer] Types to download:  with reason: 5
2025-06-25 15:50:57.060: [INFO][SyncEngineBackend::DoFinishConfigureDataTypes] Failed to download types:  and succeeded types: 
2025-06-25 15:50:57.060: [INFO][Sync] ConfigurationDone, failed: , succeeded: , remaining count: 4
2025-06-25 15:50:57.060: [INFO][Sync] Prepare to configure types: Passwords, Encryption Keys
2025-06-25 15:50:57.060: [INFO][SyncManagerImpl::ConfigureSyncer] Types to download: Passwords, Encryption Keys with reason: 5
2025-06-25 15:50:57.060: [INFO][SyncSchedulerImpl::DoConfigurationSyncCycleJob] Blocked types:  and types to download: Passwords, Encryption Keys
2025-06-25 15:50:57.988: [INFO][SyncEngineBackend::DoFinishConfigureDataTypes] Failed to download types:  and succeeded types: Passwords, Encryption Keys
2025-06-25 15:50:57.989: [INFO][Sync] ConfigurationDone, failed: , succeeded: Passwords, Encryption Keys, remaining count: 3
2025-06-25 15:50:57.989: [INFO][Sync] Prepare to configure types: Bookmarks, Encryption Keys
2025-06-25 15:50:57.989: [INFO][SyncManagerImpl::ConfigureSyncer] Types to download: Bookmarks, Encryption Keys with reason: 5
2025-06-25 15:50:57.989: [INFO][SyncSchedulerImpl::DoConfigurationSyncCycleJob] Blocked types:  and types to download: Bookmarks, Encryption Keys
2025-06-25 15:50:59.426: [INFO][SyncEngineBackend::DoFinishConfigureDataTypes] Failed to download types:  and succeeded types: Bookmarks, Encryption Keys
2025-06-25 15:50:59.430: [INFO][Sync] ConfigurationDone, failed: , succeeded: Bookmarks, Encryption Keys, remaining count: 2
2025-06-25 15:50:59.430: [INFO][Sync] Prepare to configure types: Autofill Profiles, Autofill, Edge Wallet, Encryption Keys
2025-06-25 15:50:59.430: [INFO][SyncManagerImpl::ConfigureSyncer] Types to download: Autofill Profiles, Autofill, Edge Wallet, Encryption Keys with reason: 5
2025-06-25 15:50:59.430: [INFO][SyncSchedulerImpl::DoConfigurationSyncCycleJob] Blocked types:  and types to download: Autofill Profiles, Autofill, Edge Wallet, Encryption Keys
2025-06-25 15:51:03.870: [INFO][SyncEngineBackend::DoFinishConfigureDataTypes] Failed to download types:  and succeeded types: Autofill Profiles, Autofill, Edge Wallet, Encryption Keys
2025-06-25 15:51:03.871: [INFO][Sync] ConfigurationDone, failed: , succeeded: Autofill Profiles, Autofill, Edge Wallet, Encryption Keys, remaining count: 1
2025-06-25 15:51:03.872: [INFO][Sync] Prepare to configure types: History, Encryption Keys
2025-06-25 15:51:03.872: [INFO][SyncManagerImpl::ConfigureSyncer] Types to download: History, Encryption Keys with reason: 5
2025-06-25 15:51:03.872: [INFO][SyncSchedulerImpl::DoConfigurationSyncCycleJob] Blocked types:  and types to download: History, Encryption Keys
2025-06-25 15:51:35.521: [INFO][SyncEngineBackend::DoFinishConfigureDataTypes] Failed to download types:  and succeeded types: History, Encryption Keys
2025-06-25 15:51:35.529: [INFO][Sync] ConfigurationDone, failed: , succeeded: History, Encryption Keys, remaining count: 0
2025-06-25 15:51:35.535: [INFO][Sync]     Configuration completed, state: 7
2025-06-25 15:51:35.535: [INFO][Sync] Configured DataTypeManager: Ok
2025-06-25 15:51:35.541: [INFO][SyncEngineBackend::DoStartSyncing] Start syncing
2025-06-25 15:53:38.312: [INFO][Sync] Reset engine, reason: 0
2025-06-25 15:53:38.312: [INFO][Sync] Reset engine with reason: 0
2025-06-25 16:21:45.317: [INFO][Sync] SyncState after authenticated was: FeatureCanStart
2025-06-25 16:21:46.341: [INFO][SyncAuthManager::SetLastAuthError] Current auth error: None
2025-06-25 16:21:46.341: [INFO][SyncAuthManager::EdgeLogTokenErrorState] Token error with: None for account type: MSA
2025-06-25 16:21:46.341: [INFO][Sync] Credentials changed for: EdgeSyncKeyDataScope
2025-06-25 16:21:46.509: [INFO][Sync] Try to start sync engine
2025-06-25 16:21:46.510: [INFO][SyncManagerImpl::NudgeForInitialDownload] Initial download nudge for Encryption Keys
2025-06-25 16:21:46.510: [INFO][SyncEngineBackend::LoadAndConnectNigoriController] Load and connect Nigori controller
2025-06-25 16:21:46.510: [INFO][SyncEngineBackend::DoInitialize] Control Types added: Encryption Keys
2025-06-25 16:21:46.510: [INFO][SyncManagerImpl::ConfigureSyncer] Types to download: Encryption Keys with reason: 3
2025-06-25 16:21:46.510: [INFO][SyncEngineBackend::DoUpdateKeyDataCredentials] Update key data credentials
2025-06-25 16:21:46.510: [INFO][SyncSchedulerImpl::DoConfigurationSyncCycleJob] Configure job was blocked
2025-06-25 16:21:46.526: [INFO][SyncAuthManager::SetLastAuthError] Current auth error: None
2025-06-25 16:21:46.526: [INFO][SyncAuthManager::EdgeLogTokenErrorState] Token error with: None for account type: MSA
2025-06-25 16:21:46.526: [INFO][Sync] Credentials changed for: EdgeSyncScopeNew
2025-06-25 16:21:46.526: [INFO][SyncEngineBackend::DoUpdateCredentials] Update credentials
2025-06-25 16:21:46.526: [INFO][SyncSchedulerImpl::DoConfigurationSyncCycleJob] Blocked types:  and types to download: Encryption Keys
2025-06-25 16:21:49.370: [INFO][SyncEngineBackend::DoUpdateKeyDataCredentials] Update key data credentials
2025-06-25 16:21:49.401: [INFO][Sync] Started DataTypeManager configuration, reason: 4
2025-06-25 16:21:49.401: [INFO][Sync] Configuring for: Bookmarks, Preferences, Passwords, Autofill Profiles, Autofill, Extensions, Sessions, Extension settings, History Delete Directives, Device Info, User Consents, Send Tab To Self, Web Apps, History, Saved Tab Group, WebAuthn Credentials, Collection, Edge E Drop, Edge Hub App Usage, Edge Wallet, Encryption Keys, reason: 4, current state: 0
2025-06-25 16:21:49.401: [WARN][Sync] Crypto error data types: Passwords, Autofill Profiles, Autofill
2025-06-25 16:21:49.408: [INFO][Sync] Configure, desired: Bookmarks, Preferences, Extensions, Sessions, Extension settings, History Delete Directives, Device Info, User Consents, Send Tab To Self, Web Apps, History, Saved Tab Group, WebAuthn Credentials, Collection, Edge E Drop, Edge Hub App Usage, Edge Wallet, Encryption Keys; Allow fail: Passwords, Autofill Profiles, Autofill
2025-06-25 16:21:49.408: [INFO][Sync] Loading: Bookmarks
2025-06-25 16:21:49.408: [ERROR][Sync] Load Preferences, failed: ConstructDataTypeStoreOnFrontendSequence@components\sync\model\data_type_store_service_impl.cc:105: DataTypeStore backend initialization failed
2025-06-25 16:21:49.408: [ERROR][Sync] Stoping type: Preferences, error: DataTypeStore backend initialization failed
2025-06-25 16:21:49.408: [INFO][Sync] Loading: Preferences
2025-06-25 16:21:49.408: [ERROR][Sync] Load Extensions, failed: ConstructDataTypeStoreOnFrontendSequence@components\sync\model\data_type_store_service_impl.cc:105: DataTypeStore backend initialization failed
2025-06-25 16:21:49.408: [ERROR][Sync] Stoping type: Extensions, error: DataTypeStore backend initialization failed
2025-06-25 16:21:49.408: [INFO][Sync] Loading: Extensions
2025-06-25 16:21:49.408: [INFO][Sync] Loading: Sessions
2025-06-25 16:21:49.408: [INFO][Sync] Loading: Extension settings
2025-06-25 16:21:49.408: [ERROR][Sync] Load History Delete Directives, failed: ConstructDataTypeStoreOnFrontendSequence@components\sync\model\data_type_store_service_impl.cc:105: DataTypeStore backend initialization failed
2025-06-25 16:21:49.408: [ERROR][Sync] Stoping type: History Delete Directives, error: DataTypeStore backend initialization failed
2025-06-25 16:21:49.408: [INFO][Sync] Loading: History Delete Directives
2025-06-25 16:21:49.408: [ERROR][Sync] Load Device Info, failed: ConstructDataTypeStoreOnFrontendSequence@components\sync\model\data_type_store_service_impl.cc:105: DataTypeStore backend initialization failed
2025-06-25 16:21:49.408: [ERROR][Sync] Stoping type: Device Info, error: DataTypeStore backend initialization failed
2025-06-25 16:21:49.408: [INFO][Sync] Loading: Device Info
2025-06-25 16:21:49.408: [ERROR][Sync] Load User Consents, failed: ConstructDataTypeStoreOnFrontendSequence@components\sync\model\data_type_store_service_impl.cc:105: DataTypeStore backend initialization failed
2025-06-25 16:21:49.408: [ERROR][Sync] Stoping type: User Consents, error: DataTypeStore backend initialization failed
2025-06-25 16:21:49.408: [INFO][Sync] Loading: User Consents
2025-06-25 16:21:49.408: [ERROR][Sync] Load Send Tab To Self, failed: ConstructDataTypeStoreOnFrontendSequence@components\sync\model\data_type_store_service_impl.cc:105: DataTypeStore backend initialization failed
2025-06-25 16:21:49.408: [ERROR][Sync] Stoping type: Send Tab To Self, error: DataTypeStore backend initialization failed
2025-06-25 16:21:49.408: [INFO][Sync] Loading: Send Tab To Self
2025-06-25 16:21:49.408: [ERROR][Sync] Load Web Apps, failed: ConstructDataTypeStoreOnFrontendSequence@components\sync\model\data_type_store_service_impl.cc:105: DataTypeStore backend initialization failed
2025-06-25 16:21:49.408: [ERROR][Sync] Stoping type: Web Apps, error: DataTypeStore backend initialization failed
2025-06-25 16:21:49.408: [INFO][Sync] Loading: Web Apps
2025-06-25 16:21:49.408: [INFO][Sync] Loading: History
2025-06-25 16:21:49.408: [ERROR][Sync] Load Saved Tab Group, failed: ConstructDataTypeStoreOnFrontendSequence@components\sync\model\data_type_store_service_impl.cc:105: DataTypeStore backend initialization failed
2025-06-25 16:21:49.408: [ERROR][Sync] Stoping type: Saved Tab Group, error: DataTypeStore backend initialization failed
2025-06-25 16:21:49.408: [INFO][Sync] Loading: Saved Tab Group
2025-06-25 16:21:49.408: [ERROR][Sync] Load WebAuthn Credentials, failed: ConstructDataTypeStoreOnFrontendSequence@components\sync\model\data_type_store_service_impl.cc:105: DataTypeStore backend initialization failed
2025-06-25 16:21:49.408: [ERROR][Sync] Stoping type: WebAuthn Credentials, error: DataTypeStore backend initialization failed
2025-06-25 16:21:49.408: [INFO][Sync] Loading: WebAuthn Credentials
2025-06-25 16:21:49.408: [ERROR][Sync] Load Collection, failed: ConstructDataTypeStoreOnFrontendSequence@components\sync\model\data_type_store_service_impl.cc:105: DataTypeStore backend initialization failed
2025-06-25 16:21:49.408: [ERROR][Sync] Stoping type: Collection, error: DataTypeStore backend initialization failed
2025-06-25 16:21:49.408: [INFO][Sync] Loading: Collection
2025-06-25 16:21:49.408: [INFO][Sync] Loading: Edge E Drop
2025-06-25 16:21:49.408: [INFO][Sync] Loading: Edge Hub App Usage
2025-06-25 16:21:49.408: [INFO][Sync] Loading: Edge Wallet
2025-06-25 16:21:49.414: [ERROR][Sync] Load Sessions, failed: ConstructDataTypeStoreOnFrontendSequence@components\sync\model\data_type_store_service_impl.cc:105: DataTypeStore backend initialization failed
2025-06-25 16:21:49.414: [ERROR][Sync] Stoping type: Sessions, error: DataTypeStore backend initialization failed
2025-06-25 16:21:49.414: [ERROR][Sync] Load Extension settings, failed: ConstructDataTypeStoreOnFrontendSequence@components\sync\model\data_type_store_service_impl.cc:105: DataTypeStore backend initialization failed
2025-06-25 16:21:49.414: [ERROR][Sync] Stoping type: Extension settings, error: DataTypeStore backend initialization failed
2025-06-25 16:21:49.414: [ERROR][Sync] Load Edge E Drop, failed: EDropSyncBridge@components\edge_e_drop\core\browser\sync\e_drop_sync_bridge.cc:70: DataTypeStore for Drop initialization failed
2025-06-25 16:21:49.414: [ERROR][Sync] Stoping type: Edge E Drop, error: DataTypeStore for Drop initialization failed
2025-06-25 16:21:49.414: [ERROR][Sync] Load Edge Hub App Usage, failed: EdgeHubAppUsageSyncBridge@components\edge_hub_apps\sync\edge_hub_app_usage_sync_bridge.cc:55: ModelTypeStore for Hub App Usage initialization failed
2025-06-25 16:21:49.414: [ERROR][Sync] Stoping type: Edge Hub App Usage, error: ModelTypeStore for Hub App Usage initialization failed
2025-06-25 16:21:49.414: [INFO][Sync] Configuring for: Bookmarks, Preferences, Passwords, Autofill Profiles, Autofill, Extensions, Sessions, Extension settings, History Delete Directives, Device Info, User Consents, Send Tab To Self, Web Apps, History, Saved Tab Group, WebAuthn Credentials, Collection, Edge E Drop, Edge Hub App Usage, Edge Wallet, Encryption Keys, reason: 6, current state: 2
2025-06-25 16:21:49.414: [WARN][Sync] Crypto error data types: 
2025-06-25 16:21:49.414: [INFO][Sync] Configure, desired: Bookmarks, History, Edge Wallet, Encryption Keys; Allow fail: Preferences, Passwords, Autofill Profiles, Autofill, Extensions, Sessions, Extension settings, History Delete Directives, Device Info, User Consents, Send Tab To Self, Web Apps, Saved Tab Group, WebAuthn Credentials, Collection, Edge E Drop, Edge Hub App Usage
2025-06-25 16:21:49.414: [INFO][Sync] All data types are ready for configure.
2025-06-25 16:21:49.801: [INFO][SyncEngineBackend::DoStartConfiguration] Start configuration
2025-06-25 16:21:49.801: [INFO][SyncManagerImpl::ConfigureSyncer] Types to download:  with reason: 6
2025-06-25 16:21:49.801: [INFO][SyncEngineBackend::DoFinishConfigureDataTypes] Failed to download types:  and succeeded types: 
2025-06-25 16:21:49.802: [INFO][Sync] Started DataTypeManager configuration, reason: 5
2025-06-25 16:21:49.803: [INFO][Sync] Configuring for: Bookmarks, Preferences, Passwords, Autofill Profiles, Autofill, Extensions, Sessions, Extension settings, History Delete Directives, Device Info, User Consents, Send Tab To Self, Web Apps, History, Saved Tab Group, WebAuthn Credentials, Collection, Edge E Drop, Edge Hub App Usage, Edge Wallet, Encryption Keys, reason: 5, current state: 1
2025-06-25 16:21:49.809: [INFO][Sync] ConfigurationDone, failed: , succeeded: , remaining count: 3
2025-06-25 16:21:49.809: [WARN][Sync]     Reconfigure requested while configuration ongoing.
2025-06-25 16:21:49.809: [INFO][Sync] Configuring for: Bookmarks, Preferences, Passwords, Autofill Profiles, Autofill, Extensions, Sessions, Extension settings, History Delete Directives, Device Info, User Consents, Send Tab To Self, Web Apps, History, Saved Tab Group, WebAuthn Credentials, Collection, Edge E Drop, Edge Hub App Usage, Edge Wallet, Encryption Keys, reason: 5, current state: 2
2025-06-25 16:21:49.809: [INFO][Sync] Configure, desired: Bookmarks, Passwords, Autofill Profiles, Autofill, History, Edge Wallet, Encryption Keys; Allow fail: Preferences, Extensions, Sessions, Extension settings, History Delete Directives, Device Info, User Consents, Send Tab To Self, Web Apps, Saved Tab Group, WebAuthn Credentials, Collection, Edge E Drop, Edge Hub App Usage
2025-06-25 16:21:49.809: [INFO][Sync] Loading: Passwords
2025-06-25 16:21:49.809: [INFO][Sync] Loading: Autofill Profiles
2025-06-25 16:21:49.809: [INFO][Sync] Loading: Autofill
2025-06-25 16:21:49.809: [INFO][Sync] All data types are ready for configure.
2025-06-25 16:21:49.809: [INFO][SyncManagerImpl::NudgeForInitialDownload] Initial download nudge for Passwords
2025-06-25 16:21:49.809: [INFO][SyncManagerImpl::ConfigureSyncer] Types to download:  with reason: 5
2025-06-25 16:21:49.809: [INFO][SyncEngineBackend::DoFinishConfigureDataTypes] Failed to download types:  and succeeded types: 
2025-06-25 16:21:49.811: [INFO][Sync] ConfigurationDone, failed: , succeeded: , remaining count: 4
2025-06-25 16:21:49.811: [INFO][Sync] Prepare to configure types: Passwords, Encryption Keys
2025-06-25 16:21:49.811: [INFO][SyncManagerImpl::ConfigureSyncer] Types to download: Passwords, Encryption Keys with reason: 5
2025-06-25 16:21:49.811: [INFO][SyncSchedulerImpl::DoConfigurationSyncCycleJob] Blocked types:  and types to download: Passwords, Encryption Keys
2025-06-25 16:21:50.818: [INFO][SyncEngineBackend::DoFinishConfigureDataTypes] Failed to download types:  and succeeded types: Passwords, Encryption Keys
2025-06-25 16:21:50.825: [INFO][Sync] ConfigurationDone, failed: , succeeded: Passwords, Encryption Keys, remaining count: 3
2025-06-25 16:21:50.825: [INFO][SyncManagerImpl::ConfigureSyncer] Types to download:  with reason: 5
2025-06-25 16:21:50.825: [INFO][SyncEngineBackend::DoFinishConfigureDataTypes] Failed to download types:  and succeeded types: 
2025-06-25 16:21:50.825: [INFO][Sync] ConfigurationDone, failed: , succeeded: , remaining count: 2
2025-06-25 16:21:50.825: [INFO][SyncManagerImpl::ConfigureSyncer] Types to download:  with reason: 5
2025-06-25 16:21:50.825: [INFO][SyncEngineBackend::DoFinishConfigureDataTypes] Failed to download types:  and succeeded types: 
2025-06-25 16:21:50.827: [INFO][Sync] ConfigurationDone, failed: , succeeded: , remaining count: 1
2025-06-25 16:21:50.834: [INFO][SyncManagerImpl::ConfigureSyncer] Types to download:  with reason: 5
2025-06-25 16:21:50.834: [INFO][SyncEngineBackend::DoFinishConfigureDataTypes] Failed to download types:  and succeeded types: 
2025-06-25 16:21:50.835: [INFO][Sync] ConfigurationDone, failed: , succeeded: , remaining count: 0
2025-06-25 16:21:50.844: [INFO][Sync]     Configuration completed, state: 7
2025-06-25 16:21:50.844: [INFO][Sync] Configured DataTypeManager: Ok
2025-06-25 16:21:50.851: [INFO][SyncEngineBackend::DoStartSyncing] Start syncing
2025-06-25 16:40:33.428: [INFO][Sync] Reset engine, reason: 0
2025-06-25 16:40:33.428: [INFO][Sync] Reset engine with reason: 0
2025-06-25 16:41:11.375: [INFO][Sync] SyncState after authenticated was: FeatureCanStart
2025-06-25 16:41:12.576: [INFO][Sync] Try to start sync engine
2025-06-25 16:41:12.576: [INFO][SyncManagerImpl::NudgeForInitialDownload] Initial download nudge for Encryption Keys
2025-06-25 16:41:12.576: [INFO][SyncEngineBackend::LoadAndConnectNigoriController] Load and connect Nigori controller
2025-06-25 16:41:12.576: [INFO][SyncEngineBackend::DoInitialize] Control Types added: Encryption Keys
2025-06-25 16:41:12.576: [INFO][SyncManagerImpl::ConfigureSyncer] Types to download: Encryption Keys with reason: 3
2025-06-25 16:41:12.576: [INFO][SyncSchedulerImpl::DoConfigurationSyncCycleJob] Configure job was blocked
2025-06-25 16:41:12.592: [INFO][SyncAuthManager::SetLastAuthError] Current auth error: None
2025-06-25 16:41:12.592: [INFO][SyncAuthManager::EdgeLogTokenErrorState] Token error with: None for account type: MSA
2025-06-25 16:41:12.592: [INFO][Sync] Credentials changed for: EdgeSyncScopeNew
2025-06-25 16:41:12.852: [INFO][SyncAuthManager::SetLastAuthError] Current auth error: None
2025-06-25 16:41:12.852: [INFO][SyncAuthManager::EdgeLogTokenErrorState] Token error with: None for account type: MSA
2025-06-25 16:41:12.852: [INFO][Sync] Credentials changed for: EdgeSyncKeyDataScope
2025-06-25 16:41:12.852: [INFO][SyncEngineBackend::DoUpdateKeyDataCredentials] Update key data credentials
2025-06-25 16:41:12.852: [INFO][SyncEngineBackend::DoUpdateCredentials] Update credentials
2025-06-25 16:41:12.852: [INFO][SyncSchedulerImpl::DoConfigurationSyncCycleJob] Blocked types:  and types to download: Encryption Keys
2025-06-25 16:41:15.488: [INFO][Sync] Started DataTypeManager configuration, reason: 4
2025-06-25 16:41:15.488: [INFO][Sync] Configuring for: Bookmarks, Preferences, Passwords, Autofill Profiles, Autofill, Extensions, Sessions, Extension settings, History Delete Directives, Device Info, User Consents, Send Tab To Self, Web Apps, History, Saved Tab Group, WebAuthn Credentials, Collection, Edge E Drop, Edge Hub App Usage, Edge Wallet, Encryption Keys, reason: 4, current state: 0
2025-06-25 16:41:15.488: [WARN][Sync] Crypto error data types: Passwords, Autofill Profiles, Autofill
2025-06-25 16:41:15.494: [INFO][Sync] Configure, desired: Bookmarks, Preferences, Extensions, Sessions, Extension settings, History Delete Directives, Device Info, User Consents, Send Tab To Self, Web Apps, History, Saved Tab Group, WebAuthn Credentials, Collection, Edge E Drop, Edge Hub App Usage, Edge Wallet, Encryption Keys; Allow fail: Passwords, Autofill Profiles, Autofill
2025-06-25 16:41:15.494: [INFO][Sync] Loading: Bookmarks
2025-06-25 16:41:15.494: [ERROR][Sync] Load Preferences, failed: ConstructDataTypeStoreOnFrontendSequence@components\sync\model\data_type_store_service_impl.cc:105: DataTypeStore backend initialization failed
2025-06-25 16:41:15.494: [ERROR][Sync] Stoping type: Preferences, error: DataTypeStore backend initialization failed
2025-06-25 16:41:15.494: [INFO][Sync] Loading: Preferences
2025-06-25 16:41:15.494: [ERROR][Sync] Load Extensions, failed: ConstructDataTypeStoreOnFrontendSequence@components\sync\model\data_type_store_service_impl.cc:105: DataTypeStore backend initialization failed
2025-06-25 16:41:15.494: [ERROR][Sync] Stoping type: Extensions, error: DataTypeStore backend initialization failed
2025-06-25 16:41:15.494: [INFO][Sync] Loading: Extensions
2025-06-25 16:41:15.494: [INFO][Sync] Loading: Sessions
2025-06-25 16:41:15.494: [INFO][Sync] Loading: Extension settings
2025-06-25 16:41:15.494: [ERROR][Sync] Load History Delete Directives, failed: ConstructDataTypeStoreOnFrontendSequence@components\sync\model\data_type_store_service_impl.cc:105: DataTypeStore backend initialization failed
2025-06-25 16:41:15.494: [ERROR][Sync] Stoping type: History Delete Directives, error: DataTypeStore backend initialization failed
2025-06-25 16:41:15.494: [INFO][Sync] Loading: History Delete Directives
2025-06-25 16:41:15.494: [ERROR][Sync] Load Device Info, failed: ConstructDataTypeStoreOnFrontendSequence@components\sync\model\data_type_store_service_impl.cc:105: DataTypeStore backend initialization failed
2025-06-25 16:41:15.494: [ERROR][Sync] Stoping type: Device Info, error: DataTypeStore backend initialization failed
2025-06-25 16:41:15.494: [INFO][Sync] Loading: Device Info
2025-06-25 16:41:15.494: [ERROR][Sync] Load User Consents, failed: ConstructDataTypeStoreOnFrontendSequence@components\sync\model\data_type_store_service_impl.cc:105: DataTypeStore backend initialization failed
2025-06-25 16:41:15.494: [ERROR][Sync] Stoping type: User Consents, error: DataTypeStore backend initialization failed
2025-06-25 16:41:15.494: [INFO][Sync] Loading: User Consents
2025-06-25 16:41:15.494: [ERROR][Sync] Load Send Tab To Self, failed: ConstructDataTypeStoreOnFrontendSequence@components\sync\model\data_type_store_service_impl.cc:105: DataTypeStore backend initialization failed
2025-06-25 16:41:15.494: [ERROR][Sync] Stoping type: Send Tab To Self, error: DataTypeStore backend initialization failed
2025-06-25 16:41:15.494: [INFO][Sync] Loading: Send Tab To Self
2025-06-25 16:41:15.494: [ERROR][Sync] Load Web Apps, failed: ConstructDataTypeStoreOnFrontendSequence@components\sync\model\data_type_store_service_impl.cc:105: DataTypeStore backend initialization failed
2025-06-25 16:41:15.494: [ERROR][Sync] Stoping type: Web Apps, error: DataTypeStore backend initialization failed
2025-06-25 16:41:15.494: [INFO][Sync] Loading: Web Apps
2025-06-25 16:41:15.494: [INFO][Sync] Loading: History
2025-06-25 16:41:15.494: [ERROR][Sync] Load Saved Tab Group, failed: ConstructDataTypeStoreOnFrontendSequence@components\sync\model\data_type_store_service_impl.cc:105: DataTypeStore backend initialization failed
2025-06-25 16:41:15.494: [ERROR][Sync] Stoping type: Saved Tab Group, error: DataTypeStore backend initialization failed
2025-06-25 16:41:15.494: [INFO][Sync] Loading: Saved Tab Group
2025-06-25 16:41:15.494: [ERROR][Sync] Load WebAuthn Credentials, failed: ConstructDataTypeStoreOnFrontendSequence@components\sync\model\data_type_store_service_impl.cc:105: DataTypeStore backend initialization failed
2025-06-25 16:41:15.494: [ERROR][Sync] Stoping type: WebAuthn Credentials, error: DataTypeStore backend initialization failed
2025-06-25 16:41:15.494: [INFO][Sync] Loading: WebAuthn Credentials
2025-06-25 16:41:15.494: [ERROR][Sync] Load Collection, failed: ConstructDataTypeStoreOnFrontendSequence@components\sync\model\data_type_store_service_impl.cc:105: DataTypeStore backend initialization failed
2025-06-25 16:41:15.494: [ERROR][Sync] Stoping type: Collection, error: DataTypeStore backend initialization failed
2025-06-25 16:41:15.494: [INFO][Sync] Loading: Collection
2025-06-25 16:41:15.494: [INFO][Sync] Loading: Edge E Drop
2025-06-25 16:41:15.494: [INFO][Sync] Loading: Edge Hub App Usage
2025-06-25 16:41:15.494: [INFO][Sync] Loading: Edge Wallet
2025-06-25 16:41:15.499: [ERROR][Sync] Load Sessions, failed: ConstructDataTypeStoreOnFrontendSequence@components\sync\model\data_type_store_service_impl.cc:105: DataTypeStore backend initialization failed
2025-06-25 16:41:15.499: [ERROR][Sync] Stoping type: Sessions, error: DataTypeStore backend initialization failed
2025-06-25 16:41:15.499: [ERROR][Sync] Load Extension settings, failed: ConstructDataTypeStoreOnFrontendSequence@components\sync\model\data_type_store_service_impl.cc:105: DataTypeStore backend initialization failed
2025-06-25 16:41:15.499: [ERROR][Sync] Stoping type: Extension settings, error: DataTypeStore backend initialization failed
2025-06-25 16:41:15.499: [ERROR][Sync] Load Edge E Drop, failed: EDropSyncBridge@components\edge_e_drop\core\browser\sync\e_drop_sync_bridge.cc:70: DataTypeStore for Drop initialization failed
2025-06-25 16:41:15.499: [ERROR][Sync] Stoping type: Edge E Drop, error: DataTypeStore for Drop initialization failed
2025-06-25 16:41:15.499: [ERROR][Sync] Load Edge Hub App Usage, failed: EdgeHubAppUsageSyncBridge@components\edge_hub_apps\sync\edge_hub_app_usage_sync_bridge.cc:55: ModelTypeStore for Hub App Usage initialization failed
2025-06-25 16:41:15.499: [ERROR][Sync] Stoping type: Edge Hub App Usage, error: ModelTypeStore for Hub App Usage initialization failed
2025-06-25 16:41:15.499: [INFO][Sync] Configuring for: Bookmarks, Preferences, Passwords, Autofill Profiles, Autofill, Extensions, Sessions, Extension settings, History Delete Directives, Device Info, User Consents, Send Tab To Self, Web Apps, History, Saved Tab Group, WebAuthn Credentials, Collection, Edge E Drop, Edge Hub App Usage, Edge Wallet, Encryption Keys, reason: 6, current state: 2
2025-06-25 16:41:15.499: [WARN][Sync] Crypto error data types: 
2025-06-25 16:41:15.499: [INFO][Sync] Configure, desired: Bookmarks, History, Edge Wallet, Encryption Keys; Allow fail: Preferences, Passwords, Autofill Profiles, Autofill, Extensions, Sessions, Extension settings, History Delete Directives, Device Info, User Consents, Send Tab To Self, Web Apps, Saved Tab Group, WebAuthn Credentials, Collection, Edge E Drop, Edge Hub App Usage
2025-06-25 16:41:15.499: [INFO][Sync] All data types are ready for configure.
2025-06-25 16:41:16.014: [INFO][SyncEngineBackend::DoStartConfiguration] Start configuration
2025-06-25 16:41:16.014: [INFO][SyncManagerImpl::ConfigureSyncer] Types to download:  with reason: 6
2025-06-25 16:41:16.014: [INFO][SyncEngineBackend::DoFinishConfigureDataTypes] Failed to download types:  and succeeded types: 
2025-06-25 16:41:16.015: [INFO][Sync] Started DataTypeManager configuration, reason: 5
2025-06-25 16:41:16.015: [INFO][Sync] Configuring for: Bookmarks, Preferences, Passwords, Autofill Profiles, Autofill, Extensions, Sessions, Extension settings, History Delete Directives, Device Info, User Consents, Send Tab To Self, Web Apps, History, Saved Tab Group, WebAuthn Credentials, Collection, Edge E Drop, Edge Hub App Usage, Edge Wallet, Encryption Keys, reason: 5, current state: 1
2025-06-25 16:41:16.021: [INFO][Sync] ConfigurationDone, failed: , succeeded: , remaining count: 3
2025-06-25 16:41:16.021: [WARN][Sync]     Reconfigure requested while configuration ongoing.
2025-06-25 16:41:16.021: [INFO][Sync] Configuring for: Bookmarks, Preferences, Passwords, Autofill Profiles, Autofill, Extensions, Sessions, Extension settings, History Delete Directives, Device Info, User Consents, Send Tab To Self, Web Apps, History, Saved Tab Group, WebAuthn Credentials, Collection, Edge E Drop, Edge Hub App Usage, Edge Wallet, Encryption Keys, reason: 5, current state: 2
2025-06-25 16:41:16.021: [INFO][Sync] Configure, desired: Bookmarks, Passwords, Autofill Profiles, Autofill, History, Edge Wallet, Encryption Keys; Allow fail: Preferences, Extensions, Sessions, Extension settings, History Delete Directives, Device Info, User Consents, Send Tab To Self, Web Apps, Saved Tab Group, WebAuthn Credentials, Collection, Edge E Drop, Edge Hub App Usage
2025-06-25 16:41:16.021: [INFO][Sync] Loading: Passwords
2025-06-25 16:41:16.021: [INFO][Sync] Loading: Autofill Profiles
2025-06-25 16:41:16.021: [INFO][Sync] Loading: Autofill
2025-06-25 16:41:16.021: [INFO][Sync] All data types are ready for configure.
2025-06-25 16:41:16.021: [INFO][SyncManagerImpl::NudgeForInitialDownload] Initial download nudge for Passwords
2025-06-25 16:41:16.021: [INFO][SyncManagerImpl::ConfigureSyncer] Types to download:  with reason: 5
2025-06-25 16:41:16.021: [INFO][SyncEngineBackend::DoFinishConfigureDataTypes] Failed to download types:  and succeeded types: 
2025-06-25 16:41:16.022: [INFO][Sync] ConfigurationDone, failed: , succeeded: , remaining count: 4
2025-06-25 16:41:16.022: [INFO][Sync] Prepare to configure types: Passwords, Encryption Keys
2025-06-25 16:41:16.022: [INFO][SyncManagerImpl::ConfigureSyncer] Types to download: Passwords, Encryption Keys with reason: 5
2025-06-25 16:41:16.022: [INFO][SyncSchedulerImpl::DoConfigurationSyncCycleJob] Blocked types:  and types to download: Passwords, Encryption Keys
2025-06-25 16:41:16.818: [INFO][SyncEngineBackend::DoFinishConfigureDataTypes] Failed to download types:  and succeeded types: Passwords, Encryption Keys
2025-06-25 16:41:16.824: [INFO][Sync] ConfigurationDone, failed: , succeeded: Passwords, Encryption Keys, remaining count: 3
2025-06-25 16:41:16.824: [INFO][SyncManagerImpl::ConfigureSyncer] Types to download:  with reason: 5
2025-06-25 16:41:16.824: [INFO][SyncEngineBackend::DoFinishConfigureDataTypes] Failed to download types:  and succeeded types: 
2025-06-25 16:41:16.824: [INFO][Sync] ConfigurationDone, failed: , succeeded: , remaining count: 2
2025-06-25 16:41:16.824: [INFO][SyncManagerImpl::ConfigureSyncer] Types to download:  with reason: 5
2025-06-25 16:41:16.824: [INFO][SyncEngineBackend::DoFinishConfigureDataTypes] Failed to download types:  and succeeded types: 
2025-06-25 16:41:16.826: [INFO][Sync] ConfigurationDone, failed: , succeeded: , remaining count: 1
2025-06-25 16:41:16.833: [INFO][SyncManagerImpl::ConfigureSyncer] Types to download:  with reason: 5
2025-06-25 16:41:16.833: [INFO][SyncEngineBackend::DoFinishConfigureDataTypes] Failed to download types:  and succeeded types: 
2025-06-25 16:41:16.833: [INFO][Sync] ConfigurationDone, failed: , succeeded: , remaining count: 0
2025-06-25 16:41:16.839: [INFO][Sync]     Configuration completed, state: 7
2025-06-25 16:41:16.839: [INFO][Sync] Configured DataTypeManager: Ok
2025-06-25 16:41:16.845: [INFO][SyncEngineBackend::DoStartSyncing] Start syncing
2025-06-25 16:46:28.033: [INFO][Sync] Reset engine, reason: 0
2025-06-25 16:46:28.033: [INFO][Sync] Reset engine with reason: 0
2025-06-25 16:47:03.159: [INFO][Sync] SyncState after authenticated was: FeatureCanStart
2025-06-25 16:47:04.341: [INFO][SyncAuthManager::SetLastAuthError] Current auth error: None
2025-06-25 16:47:04.341: [INFO][SyncAuthManager::EdgeLogTokenErrorState] Token error with: None for account type: MSA
2025-06-25 16:47:04.341: [INFO][Sync] Credentials changed for: EdgeSyncKeyDataScope
2025-06-25 16:47:04.344: [INFO][Sync] Try to start sync engine
2025-06-25 16:47:04.345: [INFO][SyncManagerImpl::NudgeForInitialDownload] Initial download nudge for Encryption Keys
2025-06-25 16:47:04.345: [INFO][SyncEngineBackend::LoadAndConnectNigoriController] Load and connect Nigori controller
2025-06-25 16:47:04.345: [INFO][SyncEngineBackend::DoInitialize] Control Types added: Encryption Keys
2025-06-25 16:47:04.345: [INFO][SyncManagerImpl::ConfigureSyncer] Types to download: Encryption Keys with reason: 3
2025-06-25 16:47:04.345: [INFO][SyncEngineBackend::DoUpdateKeyDataCredentials] Update key data credentials
2025-06-25 16:47:04.345: [INFO][SyncSchedulerImpl::DoConfigurationSyncCycleJob] Configure job was blocked
2025-06-25 16:47:04.361: [INFO][SyncAuthManager::SetLastAuthError] Current auth error: None
2025-06-25 16:47:04.361: [INFO][SyncAuthManager::EdgeLogTokenErrorState] Token error with: None for account type: MSA
2025-06-25 16:47:04.361: [INFO][Sync] Credentials changed for: EdgeSyncScopeNew
2025-06-25 16:47:04.361: [INFO][SyncEngineBackend::DoUpdateCredentials] Update credentials
2025-06-25 16:47:04.361: [INFO][SyncSchedulerImpl::DoConfigurationSyncCycleJob] Blocked types:  and types to download: Encryption Keys
2025-06-25 16:47:07.050: [INFO][SyncEngineBackend::DoUpdateKeyDataCredentials] Update key data credentials
2025-06-25 16:47:07.081: [INFO][Sync] Started DataTypeManager configuration, reason: 4
2025-06-25 16:47:07.081: [INFO][Sync] Configuring for: Bookmarks, Preferences, Passwords, Autofill Profiles, Autofill, Extensions, Sessions, Extension settings, History Delete Directives, Device Info, User Consents, Send Tab To Self, Web Apps, History, Saved Tab Group, WebAuthn Credentials, Collection, Edge E Drop, Edge Hub App Usage, Edge Wallet, Encryption Keys, reason: 4, current state: 0
2025-06-25 16:47:07.081: [WARN][Sync] Crypto error data types: Passwords, Autofill Profiles, Autofill
2025-06-25 16:47:07.087: [INFO][Sync] Configure, desired: Bookmarks, Preferences, Extensions, Sessions, Extension settings, History Delete Directives, Device Info, User Consents, Send Tab To Self, Web Apps, History, Saved Tab Group, WebAuthn Credentials, Collection, Edge E Drop, Edge Hub App Usage, Edge Wallet, Encryption Keys; Allow fail: Passwords, Autofill Profiles, Autofill
2025-06-25 16:47:07.087: [INFO][Sync] Loading: Bookmarks
2025-06-25 16:47:07.087: [ERROR][Sync] Load Preferences, failed: ConstructDataTypeStoreOnFrontendSequence@components\sync\model\data_type_store_service_impl.cc:105: DataTypeStore backend initialization failed
2025-06-25 16:47:07.087: [ERROR][Sync] Stoping type: Preferences, error: DataTypeStore backend initialization failed
2025-06-25 16:47:07.087: [INFO][Sync] Loading: Preferences
2025-06-25 16:47:07.087: [ERROR][Sync] Load Extensions, failed: ConstructDataTypeStoreOnFrontendSequence@components\sync\model\data_type_store_service_impl.cc:105: DataTypeStore backend initialization failed
2025-06-25 16:47:07.087: [ERROR][Sync] Stoping type: Extensions, error: DataTypeStore backend initialization failed
2025-06-25 16:47:07.087: [INFO][Sync] Loading: Extensions
2025-06-25 16:47:07.087: [INFO][Sync] Loading: Sessions
2025-06-25 16:47:07.087: [INFO][Sync] Loading: Extension settings
2025-06-25 16:47:07.087: [ERROR][Sync] Load History Delete Directives, failed: ConstructDataTypeStoreOnFrontendSequence@components\sync\model\data_type_store_service_impl.cc:105: DataTypeStore backend initialization failed
2025-06-25 16:47:07.087: [ERROR][Sync] Stoping type: History Delete Directives, error: DataTypeStore backend initialization failed
2025-06-25 16:47:07.087: [INFO][Sync] Loading: History Delete Directives
2025-06-25 16:47:07.087: [ERROR][Sync] Load Device Info, failed: ConstructDataTypeStoreOnFrontendSequence@components\sync\model\data_type_store_service_impl.cc:105: DataTypeStore backend initialization failed
2025-06-25 16:47:07.087: [ERROR][Sync] Stoping type: Device Info, error: DataTypeStore backend initialization failed
2025-06-25 16:47:07.087: [INFO][Sync] Loading: Device Info
2025-06-25 16:47:07.087: [ERROR][Sync] Load User Consents, failed: ConstructDataTypeStoreOnFrontendSequence@components\sync\model\data_type_store_service_impl.cc:105: DataTypeStore backend initialization failed
2025-06-25 16:47:07.087: [ERROR][Sync] Stoping type: User Consents, error: DataTypeStore backend initialization failed
2025-06-25 16:47:07.087: [INFO][Sync] Loading: User Consents
2025-06-25 16:47:07.087: [ERROR][Sync] Load Send Tab To Self, failed: ConstructDataTypeStoreOnFrontendSequence@components\sync\model\data_type_store_service_impl.cc:105: DataTypeStore backend initialization failed
2025-06-25 16:47:07.087: [ERROR][Sync] Stoping type: Send Tab To Self, error: DataTypeStore backend initialization failed
2025-06-25 16:47:07.087: [INFO][Sync] Loading: Send Tab To Self
2025-06-25 16:47:07.087: [ERROR][Sync] Load Web Apps, failed: ConstructDataTypeStoreOnFrontendSequence@components\sync\model\data_type_store_service_impl.cc:105: DataTypeStore backend initialization failed
2025-06-25 16:47:07.087: [ERROR][Sync] Stoping type: Web Apps, error: DataTypeStore backend initialization failed
2025-06-25 16:47:07.087: [INFO][Sync] Loading: Web Apps
2025-06-25 16:47:07.087: [INFO][Sync] Loading: History
2025-06-25 16:47:07.087: [ERROR][Sync] Load Saved Tab Group, failed: ConstructDataTypeStoreOnFrontendSequence@components\sync\model\data_type_store_service_impl.cc:105: DataTypeStore backend initialization failed
2025-06-25 16:47:07.087: [ERROR][Sync] Stoping type: Saved Tab Group, error: DataTypeStore backend initialization failed
2025-06-25 16:47:07.087: [INFO][Sync] Loading: Saved Tab Group
2025-06-25 16:47:07.087: [ERROR][Sync] Load WebAuthn Credentials, failed: ConstructDataTypeStoreOnFrontendSequence@components\sync\model\data_type_store_service_impl.cc:105: DataTypeStore backend initialization failed
2025-06-25 16:47:07.087: [ERROR][Sync] Stoping type: WebAuthn Credentials, error: DataTypeStore backend initialization failed
2025-06-25 16:47:07.087: [INFO][Sync] Loading: WebAuthn Credentials
2025-06-25 16:47:07.087: [ERROR][Sync] Load Collection, failed: ConstructDataTypeStoreOnFrontendSequence@components\sync\model\data_type_store_service_impl.cc:105: DataTypeStore backend initialization failed
2025-06-25 16:47:07.087: [ERROR][Sync] Stoping type: Collection, error: DataTypeStore backend initialization failed
2025-06-25 16:47:07.087: [INFO][Sync] Loading: Collection
2025-06-25 16:47:07.087: [INFO][Sync] Loading: Edge E Drop
2025-06-25 16:47:07.087: [INFO][Sync] Loading: Edge Hub App Usage
2025-06-25 16:47:07.087: [INFO][Sync] Loading: Edge Wallet
2025-06-25 16:47:07.092: [ERROR][Sync] Load Sessions, failed: ConstructDataTypeStoreOnFrontendSequence@components\sync\model\data_type_store_service_impl.cc:105: DataTypeStore backend initialization failed
2025-06-25 16:47:07.092: [ERROR][Sync] Stoping type: Sessions, error: DataTypeStore backend initialization failed
2025-06-25 16:47:07.092: [ERROR][Sync] Load Extension settings, failed: ConstructDataTypeStoreOnFrontendSequence@components\sync\model\data_type_store_service_impl.cc:105: DataTypeStore backend initialization failed
2025-06-25 16:47:07.092: [ERROR][Sync] Stoping type: Extension settings, error: DataTypeStore backend initialization failed
2025-06-25 16:47:07.092: [ERROR][Sync] Load Edge E Drop, failed: EDropSyncBridge@components\edge_e_drop\core\browser\sync\e_drop_sync_bridge.cc:70: DataTypeStore for Drop initialization failed
2025-06-25 16:47:07.092: [ERROR][Sync] Stoping type: Edge E Drop, error: DataTypeStore for Drop initialization failed
2025-06-25 16:47:07.092: [ERROR][Sync] Load Edge Hub App Usage, failed: EdgeHubAppUsageSyncBridge@components\edge_hub_apps\sync\edge_hub_app_usage_sync_bridge.cc:55: ModelTypeStore for Hub App Usage initialization failed
2025-06-25 16:47:07.092: [ERROR][Sync] Stoping type: Edge Hub App Usage, error: ModelTypeStore for Hub App Usage initialization failed
2025-06-25 16:47:07.092: [INFO][Sync] Configuring for: Bookmarks, Preferences, Passwords, Autofill Profiles, Autofill, Extensions, Sessions, Extension settings, History Delete Directives, Device Info, User Consents, Send Tab To Self, Web Apps, History, Saved Tab Group, WebAuthn Credentials, Collection, Edge E Drop, Edge Hub App Usage, Edge Wallet, Encryption Keys, reason: 6, current state: 2
2025-06-25 16:47:07.092: [WARN][Sync] Crypto error data types: 
2025-06-25 16:47:07.092: [INFO][Sync] Configure, desired: Bookmarks, History, Edge Wallet, Encryption Keys; Allow fail: Preferences, Passwords, Autofill Profiles, Autofill, Extensions, Sessions, Extension settings, History Delete Directives, Device Info, User Consents, Send Tab To Self, Web Apps, Saved Tab Group, WebAuthn Credentials, Collection, Edge E Drop, Edge Hub App Usage
2025-06-25 16:47:07.092: [INFO][Sync] All data types are ready for configure.
2025-06-25 16:47:07.545: [INFO][SyncEngineBackend::DoStartConfiguration] Start configuration
2025-06-25 16:47:07.545: [INFO][SyncManagerImpl::ConfigureSyncer] Types to download:  with reason: 6
2025-06-25 16:47:07.545: [INFO][SyncEngineBackend::DoFinishConfigureDataTypes] Failed to download types:  and succeeded types: 
2025-06-25 16:47:07.546: [INFO][Sync] Started DataTypeManager configuration, reason: 5
2025-06-25 16:47:07.546: [INFO][Sync] Configuring for: Bookmarks, Preferences, Passwords, Autofill Profiles, Autofill, Extensions, Sessions, Extension settings, History Delete Directives, Device Info, User Consents, Send Tab To Self, Web Apps, History, Saved Tab Group, WebAuthn Credentials, Collection, Edge E Drop, Edge Hub App Usage, Edge Wallet, Encryption Keys, reason: 5, current state: 1
2025-06-25 16:47:07.553: [INFO][Sync] ConfigurationDone, failed: , succeeded: , remaining count: 3
2025-06-25 16:47:07.553: [WARN][Sync]     Reconfigure requested while configuration ongoing.
2025-06-25 16:47:07.553: [INFO][Sync] Configuring for: Bookmarks, Preferences, Passwords, Autofill Profiles, Autofill, Extensions, Sessions, Extension settings, History Delete Directives, Device Info, User Consents, Send Tab To Self, Web Apps, History, Saved Tab Group, WebAuthn Credentials, Collection, Edge E Drop, Edge Hub App Usage, Edge Wallet, Encryption Keys, reason: 5, current state: 2
2025-06-25 16:47:07.553: [INFO][Sync] Configure, desired: Bookmarks, Passwords, Autofill Profiles, Autofill, History, Edge Wallet, Encryption Keys; Allow fail: Preferences, Extensions, Sessions, Extension settings, History Delete Directives, Device Info, User Consents, Send Tab To Self, Web Apps, Saved Tab Group, WebAuthn Credentials, Collection, Edge E Drop, Edge Hub App Usage
2025-06-25 16:47:07.553: [INFO][Sync] Loading: Passwords
2025-06-25 16:47:07.553: [INFO][Sync] Loading: Autofill Profiles
2025-06-25 16:47:07.553: [INFO][Sync] Loading: Autofill
2025-06-25 16:47:07.555: [INFO][Sync] All data types are ready for configure.
2025-06-25 16:47:07.555: [INFO][SyncManagerImpl::NudgeForInitialDownload] Initial download nudge for Passwords
2025-06-25 16:47:07.555: [INFO][SyncManagerImpl::ConfigureSyncer] Types to download:  with reason: 5
2025-06-25 16:47:07.555: [INFO][SyncEngineBackend::DoFinishConfigureDataTypes] Failed to download types:  and succeeded types: 
2025-06-25 16:47:07.555: [INFO][Sync] ConfigurationDone, failed: , succeeded: , remaining count: 4
2025-06-25 16:47:07.555: [INFO][Sync] Prepare to configure types: Passwords, Encryption Keys
2025-06-25 16:47:07.555: [INFO][SyncManagerImpl::ConfigureSyncer] Types to download: Passwords, Encryption Keys with reason: 5
2025-06-25 16:47:07.555: [INFO][SyncSchedulerImpl::DoConfigurationSyncCycleJob] Blocked types:  and types to download: Passwords, Encryption Keys
2025-06-25 16:47:08.257: [INFO][SyncEngineBackend::DoFinishConfigureDataTypes] Failed to download types:  and succeeded types: Passwords, Encryption Keys
2025-06-25 16:47:08.263: [INFO][Sync] ConfigurationDone, failed: , succeeded: Passwords, Encryption Keys, remaining count: 3
2025-06-25 16:47:08.263: [INFO][SyncManagerImpl::ConfigureSyncer] Types to download:  with reason: 5
2025-06-25 16:47:08.263: [INFO][SyncEngineBackend::DoFinishConfigureDataTypes] Failed to download types:  and succeeded types: 
2025-06-25 16:47:08.263: [INFO][Sync] ConfigurationDone, failed: , succeeded: , remaining count: 2
2025-06-25 16:47:08.263: [INFO][SyncManagerImpl::ConfigureSyncer] Types to download:  with reason: 5
2025-06-25 16:47:08.263: [INFO][SyncEngineBackend::DoFinishConfigureDataTypes] Failed to download types:  and succeeded types: 
2025-06-25 16:47:08.265: [INFO][Sync] ConfigurationDone, failed: , succeeded: , remaining count: 1
2025-06-25 16:47:08.271: [INFO][SyncManagerImpl::ConfigureSyncer] Types to download:  with reason: 5
2025-06-25 16:47:08.271: [INFO][SyncEngineBackend::DoFinishConfigureDataTypes] Failed to download types:  and succeeded types: 
2025-06-25 16:47:08.271: [INFO][Sync] ConfigurationDone, failed: , succeeded: , remaining count: 0
2025-06-25 16:47:08.279: [INFO][Sync]     Configuration completed, state: 7
2025-06-25 16:47:08.279: [INFO][Sync] Configured DataTypeManager: Ok
2025-06-25 16:47:08.285: [INFO][SyncEngineBackend::DoStartSyncing] Start syncing
2025-06-25 16:52:05.669: [INFO][Sync] Reset engine, reason: 0
2025-06-25 16:52:05.669: [INFO][Sync] Reset engine with reason: 0
2025-06-30 00:00:01.493: [INFO][Sync] SyncState after authenticated was: FeatureNotRequestedNotSetup
2025-06-30 00:00:01.677: [INFO][Sync] Try to start sync engine
2025-06-30 00:00:01.678: [INFO][SyncManagerImpl::NudgeForInitialDownload] Initial download nudge for Encryption Keys
2025-06-30 00:00:01.678: [INFO][SyncEngineBackend::LoadAndConnectNigoriController] Load and connect Nigori controller
2025-06-30 00:00:01.678: [INFO][SyncEngineBackend::DoInitialize] Control Types added: Encryption Keys
2025-06-30 00:00:01.678: [INFO][SyncManagerImpl::ConfigureSyncer] Types to download: Encryption Keys with reason: 3
2025-06-30 00:00:01.678: [INFO][SyncSchedulerImpl::DoConfigurationSyncCycleJob] Configure job was blocked
2025-06-30 00:00:01.820: [INFO][SyncAuthManager::SetLastAuthError] Current auth error: None
2025-06-30 00:00:01.820: [INFO][SyncAuthManager::EdgeLogTokenErrorState] Token error with: None for account type: MSA
2025-06-30 00:00:01.820: [INFO][Sync] Credentials changed for: EdgeSyncScopeNew
2025-06-30 00:00:25.962: [INFO][Sync] Reset engine, reason: 0
2025-06-30 00:00:25.962: [INFO][Sync] Reset engine with reason: 0
