2025-07-01 13:26:38.258: [INFO] VisibilityChanged: 0
2025-07-01 13:26:38.289: [INFO] RecordSyncInitDuration has_sync_been_enabled: 0 state: 0
2025-07-01 13:26:38.289: [INFO] RecordSyncInitDuration has_sync_been_enabled: 0 state: 0
2025-07-01 13:26:38.290: [INFO] RecordSyncInitDuration has_sync_been_enabled: 0 state: 0
2025-07-01 13:26:38.291: [INFO] RecordSyncInitDuration has_sync_been_enabled: 0 state: 0
2025-07-01 13:26:38.291: [INFO] RecordSyncInitDuration has_sync_been_enabled: 0 state: 0
2025-07-01 13:26:38.292: [INFO] RecordSyncInitDuration has_sync_been_enabled: 0 state: 0
2025-07-01 13:26:38.292: [INFO] RecordSyncInitDuration has_sync_been_enabled: 0 state: 0
2025-07-01 13:26:38.293: [INFO] RecordSyncInitDuration has_sync_been_enabled: 0 state: 0
2025-07-01 13:26:38.293: [INFO] RecordSyncInitDuration has_sync_been_enabled: 0 state: 0
2025-07-01 13:26:38.294: [INFO] RecordSyncInitDuration has_sync_been_enabled: 0 state: 0
2025-07-01 13:26:38.294: [INFO] RecordSyncInitDuration has_sync_been_enabled: 0 state: 0
2025-07-01 13:26:38.301: [INFO] BookmarkModelLoaded, ids_reassigned: 0
2025-07-01 13:26:38.301: [INFO] OnDoneLoading sync enabled: 0
2025-07-01 13:26:38.338: [INFO] RecordSyncInitDuration has_sync_been_enabled: 0 state: 0
2025-07-01 13:26:39.092: [INFO] RecordSyncInitDuration has_sync_been_enabled: 0 state: 3
2025-07-01 13:26:39.094: [INFO] Primary account changed.
2025-07-01 13:26:39.094: [INFO] OnPrimaryAccountChanged PrimaryAccountChangeEvent::Type::kSet
2025-07-01 13:26:39.095: [INFO] RecordSyncInitDuration has_sync_been_enabled: 0 state: 3
2025-07-01 13:26:39.141: [INFO] RecordSyncInitDuration has_sync_been_enabled: 0 state: 3
2025-07-01 13:26:42.090: [INFO] BookmarkNodeAdded, ABU: 0
2025-07-01 13:26:42.090: [INFO] BookmarkNodeAdded, ABU: 0
2025-07-01 13:26:42.090: [INFO] BookmarkNodeAdded, ABU: 0
2025-07-01 13:26:42.090: [INFO] BookmarkNodeAdded, ABU: 0
2025-07-01 13:26:42.090: [INFO] BookmarkNodeAdded, ABU: 0
2025-07-01 13:26:42.090: [INFO] BookmarkNodeAdded, ABU: 0
2025-07-01 13:26:42.090: [INFO] BookmarkNodeAdded, ABU: 0
2025-07-01 13:26:42.090: [INFO] BookmarkNodeAdded, ABU: 0
2025-07-01 13:26:42.090: [INFO] BookmarkNodeAdded, ABU: 0
2025-07-01 13:26:42.090: [INFO] BookmarkNodeAdded, ABU: 0
2025-07-01 13:26:42.090: [INFO] BookmarkNodeAdded, ABU: 0
2025-07-01 13:26:42.091: [INFO] BookmarkNodeAdded, ABU: 0
2025-07-01 13:26:42.091: [INFO] BookmarkNodeAdded, ABU: 0
2025-07-01 13:26:42.091: [INFO] BookmarkNodeAdded, ABU: 0
2025-07-01 13:26:42.091: [INFO] BookmarkNodeAdded, ABU: 0
2025-07-01 13:26:42.091: [INFO] BookmarkNodeAdded, ABU: 0
2025-07-01 13:26:42.091: [INFO] BookmarkNodeAdded, ABU: 0
2025-07-01 13:26:42.091: [INFO] BookmarkNodeAdded, ABU: 0
2025-07-01 13:26:42.091: [INFO] BookmarkNodeAdded, ABU: 0
2025-07-01 13:26:42.091: [INFO] BookmarkNodeAdded, ABU: 0
2025-07-01 13:26:42.091: [INFO] BookmarkNodeAdded, ABU: 0
2025-07-01 13:26:42.091: [INFO] BookmarkNodeAdded, ABU: 0
2025-07-01 13:26:42.091: [INFO] BookmarkNodeAdded, ABU: 0
2025-07-01 13:26:42.091: [INFO] BookmarkNodeAdded, ABU: 0
2025-07-01 13:26:42.091: [INFO] BookmarkNodeAdded, ABU: 0
2025-07-01 13:26:42.091: [INFO] BookmarkNodeAdded, ABU: 0
2025-07-01 13:26:42.091: [INFO] BookmarkNodeAdded, ABU: 0
2025-07-01 13:26:42.091: [INFO] BookmarkNodeAdded, ABU: 0
2025-07-01 13:26:42.091: [INFO] BookmarkNodeAdded, ABU: 0
2025-07-01 13:26:42.091: [INFO] BookmarkNodeAdded, ABU: 0
2025-07-01 13:26:42.091: [INFO] BookmarkNodeAdded, ABU: 0
2025-07-01 13:26:42.092: [INFO] BookmarkNodeAdded, ABU: 0
2025-07-01 13:26:42.092: [INFO] BookmarkNodeAdded, ABU: 0
2025-07-01 13:26:42.092: [INFO] BookmarkNodeAdded, ABU: 0
2025-07-01 13:26:42.092: [INFO] BookmarkNodeAdded, ABU: 0
2025-07-01 13:26:42.092: [INFO] BookmarkNodeAdded, ABU: 0
2025-07-01 13:26:42.092: [INFO] BookmarkNodeAdded, ABU: 0
2025-07-01 13:26:42.092: [INFO] BookmarkNodeAdded, ABU: 0
2025-07-01 13:26:42.092: [INFO] BookmarkNodeAdded, ABU: 0
2025-07-01 13:26:42.092: [INFO] BookmarkNodeAdded, ABU: 0
2025-07-01 13:26:42.092: [INFO] BookmarkNodeAdded, ABU: 0
2025-07-01 13:26:42.092: [INFO] BookmarkNodeAdded, ABU: 0
2025-07-01 13:26:42.092: [INFO] BookmarkNodeAdded, ABU: 0
2025-07-01 13:26:42.092: [INFO] BookmarkNodeAdded, ABU: 0
2025-07-01 13:26:42.092: [INFO] BookmarkNodeAdded, ABU: 0
2025-07-01 13:26:42.092: [INFO] BookmarkNodeAdded, ABU: 0
2025-07-01 13:26:42.092: [INFO] BookmarkNodeAdded, ABU: 0
2025-07-01 13:26:42.092: [INFO] BookmarkNodeAdded, ABU: 0
2025-07-01 13:26:42.092: [INFO] BookmarkNodeAdded, ABU: 0
2025-07-01 13:26:42.092: [INFO] BookmarkNodeAdded, ABU: 0
2025-07-01 13:26:42.093: [INFO] BookmarkNodeAdded, ABU: 0
2025-07-01 13:26:42.093: [INFO] BookmarkNodeAdded, ABU: 0
2025-07-01 13:26:42.093: [INFO] BookmarkNodeAdded, ABU: 0
2025-07-01 13:26:42.093: [INFO] BookmarkNodeAdded, ABU: 0
2025-07-01 13:26:42.093: [INFO] BookmarkNodeAdded, ABU: 0
2025-07-01 13:26:42.093: [INFO] BookmarkNodeAdded, ABU: 0
2025-07-01 13:26:42.093: [INFO] BookmarkNodeAdded, ABU: 0
2025-07-01 13:26:42.093: [INFO] BookmarkNodeAdded, ABU: 0
2025-07-01 13:26:42.093: [INFO] BookmarkNodeAdded, ABU: 0
2025-07-01 13:26:42.093: [INFO] BookmarkNodeAdded, ABU: 0
2025-07-01 13:26:42.093: [INFO] BookmarkNodeAdded, ABU: 0
2025-07-01 13:26:42.093: [INFO] BookmarkNodeAdded, ABU: 0
2025-07-01 13:26:42.093: [INFO] BookmarkNodeAdded, ABU: 0
2025-07-01 13:26:42.093: [INFO] BookmarkNodeAdded, ABU: 0
2025-07-01 13:26:42.093: [INFO] BookmarkNodeAdded, ABU: 0
2025-07-01 13:26:42.093: [INFO] BookmarkNodeAdded, ABU: 0
2025-07-01 13:26:42.093: [INFO] BookmarkNodeAdded, ABU: 0
2025-07-01 13:26:42.093: [INFO] BookmarkNodeAdded, ABU: 0
2025-07-01 13:26:42.093: [INFO] BookmarkNodeAdded, ABU: 0
2025-07-01 13:26:42.093: [INFO] BookmarkNodeAdded, ABU: 0
2025-07-01 13:26:42.093: [INFO] BookmarkNodeAdded, ABU: 0
2025-07-01 13:26:42.093: [INFO] BookmarkNodeAdded, ABU: 0
2025-07-01 13:26:42.094: [INFO] BookmarkNodeAdded, ABU: 0
2025-07-01 13:26:42.094: [INFO] BookmarkNodeAdded, ABU: 0
2025-07-01 13:26:42.094: [INFO] BookmarkNodeAdded, ABU: 0
2025-07-01 13:26:42.094: [INFO] BookmarkNodeAdded, ABU: 0
2025-07-01 13:26:42.094: [INFO] BookmarkNodeAdded, ABU: 0
2025-07-01 13:26:42.094: [INFO] BookmarkNodeAdded, ABU: 0
2025-07-01 13:26:42.094: [INFO] BookmarkNodeAdded, ABU: 0
2025-07-01 13:26:42.094: [INFO] BookmarkNodeAdded, ABU: 0
2025-07-01 13:26:42.094: [INFO] BookmarkNodeAdded, ABU: 0
2025-07-01 13:26:42.094: [INFO] BookmarkNodeAdded, ABU: 0
2025-07-01 13:26:42.094: [INFO] BookmarkNodeAdded, ABU: 0
2025-07-01 13:26:42.094: [INFO] BookmarkNodeAdded, ABU: 0
2025-07-01 13:26:42.094: [INFO] BookmarkNodeAdded, ABU: 0
2025-07-01 13:26:42.094: [INFO] BookmarkNodeAdded, ABU: 0
2025-07-01 13:26:42.094: [INFO] BookmarkNodeAdded, ABU: 0
2025-07-01 13:26:42.095: [INFO] BookmarkNodeAdded, ABU: 0
2025-07-01 13:26:42.095: [INFO] BookmarkNodeAdded, ABU: 0
2025-07-01 13:26:42.095: [INFO] BookmarkNodeAdded, ABU: 0
2025-07-01 13:26:42.095: [INFO] BookmarkNodeAdded, ABU: 0
2025-07-01 13:26:47.539: [INFO] Sync initialization duration: 8335ms
2025-07-01 13:30:39.658: [INFO] VisibilityChanged: 0
2025-07-01 13:30:39.698: [INFO] BookmarkModelLoaded, ids_reassigned: 0
2025-07-01 13:30:39.699: [INFO] OnDoneLoading sync enabled: 1
2025-07-01 13:30:42.269: [INFO] Sync initialization duration: 2410ms
2025-07-01 13:59:19.601: [INFO] VisibilityChanged: 0
2025-07-01 13:59:19.641: [INFO] BookmarkModelLoaded, ids_reassigned: 0
2025-07-01 13:59:19.641: [INFO] OnDoneLoading sync enabled: 1
2025-07-01 13:59:22.627: [INFO] Sync initialization duration: 2831ms
2025-07-01 14:19:36.102: [INFO] VisibilityChanged: 0
2025-07-01 14:19:36.139: [INFO] BookmarkModelLoaded, ids_reassigned: 0
2025-07-01 14:19:36.139: [INFO] OnDoneLoading sync enabled: 1
2025-07-01 14:19:38.903: [INFO] Sync initialization duration: 2596ms
2025-07-01 14:24:25.817: [INFO] VisibilityChanged: 0
2025-07-01 14:24:25.856: [INFO] BookmarkModelLoaded, ids_reassigned: 0
2025-07-01 14:24:25.856: [INFO] OnDoneLoading sync enabled: 1
2025-07-01 14:24:28.421: [INFO] Sync initialization duration: 2403ms
2025-07-01 14:25:32.189: [INFO] VisibilityChanged: 0
2025-07-01 14:25:32.229: [INFO] BookmarkModelLoaded, ids_reassigned: 0
2025-07-01 14:25:32.229: [INFO] OnDoneLoading sync enabled: 1
2025-07-01 14:25:34.699: [INFO] Sync initialization duration: 2305ms
2025-07-01 14:31:31.448: [INFO] VisibilityChanged: 0
2025-07-01 14:31:31.483: [INFO] BookmarkModelLoaded, ids_reassigned: 0
2025-07-01 14:31:31.483: [INFO] OnDoneLoading sync enabled: 1
2025-07-01 14:31:33.622: [INFO] Sync initialization duration: 1974ms
2025-07-01 14:44:53.067: [INFO] VisibilityChanged: 0
2025-07-01 14:44:53.109: [INFO] BookmarkModelLoaded, ids_reassigned: 0
2025-07-01 14:44:53.109: [INFO] OnDoneLoading sync enabled: 1
2025-07-01 14:44:56.289: [INFO] Sync initialization duration: 2996ms
2025-07-01 14:58:22.970: [INFO] VisibilityChanged: 0
2025-07-01 14:58:23.007: [INFO] BookmarkModelLoaded, ids_reassigned: 0
2025-07-01 14:58:23.007: [INFO] OnDoneLoading sync enabled: 1
2025-07-01 14:58:26.082: [INFO] Sync initialization duration: 2891ms
2025-07-01 15:03:42.643: [INFO] VisibilityChanged: 0
2025-07-01 15:03:42.684: [INFO] BookmarkModelLoaded, ids_reassigned: 0
2025-07-01 15:03:42.684: [INFO] OnDoneLoading sync enabled: 1
2025-07-01 15:03:45.311: [INFO] Sync initialization duration: 2459ms
2025-07-01 15:10:55.646: [INFO] VisibilityChanged: 0
2025-07-01 15:10:55.687: [INFO] BookmarkModelLoaded, ids_reassigned: 0
2025-07-01 15:10:55.687: [INFO] OnDoneLoading sync enabled: 1
2025-07-01 15:10:58.878: [INFO] Sync initialization duration: 3008ms
2025-07-01 15:18:43.552: [INFO] VisibilityChanged: 0
2025-07-01 15:18:43.584: [INFO] BookmarkModelLoaded, ids_reassigned: 0
2025-07-01 15:18:43.584: [INFO] OnDoneLoading sync enabled: 1
2025-07-01 15:18:46.051: [INFO] Sync initialization duration: 2312ms
2025-07-01 15:25:09.227: [INFO] VisibilityChanged: 0
2025-07-01 15:25:09.262: [INFO] BookmarkModelLoaded, ids_reassigned: 0
2025-07-01 15:25:09.262: [INFO] OnDoneLoading sync enabled: 1
2025-07-01 15:25:12.047: [INFO] Sync initialization duration: 2583ms
2025-07-01 15:30:28.965: [INFO] VisibilityChanged: 0
2025-07-01 15:30:29.007: [INFO] BookmarkModelLoaded, ids_reassigned: 0
2025-07-01 15:30:29.007: [INFO] OnDoneLoading sync enabled: 1
2025-07-01 15:30:31.603: [INFO] Sync initialization duration: 2430ms
2025-07-01 15:33:43.215: [INFO] VisibilityChanged: 0
2025-07-01 15:33:43.254: [INFO] BookmarkModelLoaded, ids_reassigned: 0
2025-07-01 15:33:43.254: [INFO] OnDoneLoading sync enabled: 1
2025-07-01 15:33:46.231: [INFO] Sync initialization duration: 2812ms
2025-07-01 15:41:24.641: [INFO] VisibilityChanged: 0
2025-07-01 15:41:24.678: [INFO] BookmarkModelLoaded, ids_reassigned: 0
2025-07-01 15:41:24.678: [INFO] OnDoneLoading sync enabled: 1
2025-07-01 15:41:27.331: [INFO] Sync initialization duration: 2490ms
2025-07-01 15:46:02.082: [INFO] VisibilityChanged: 0
2025-07-01 15:46:02.118: [INFO] BookmarkModelLoaded, ids_reassigned: 0
2025-07-01 15:46:02.118: [INFO] OnDoneLoading sync enabled: 1
2025-07-01 15:46:04.490: [INFO] Sync initialization duration: 2207ms
2025-07-01 15:48:59.225: [INFO] VisibilityChanged: 0
2025-07-01 15:48:59.265: [INFO] BookmarkModelLoaded, ids_reassigned: 0
2025-07-01 15:48:59.265: [INFO] OnDoneLoading sync enabled: 1
2025-07-01 15:49:02.040: [INFO] Sync initialization duration: 2627ms
2025-07-01 15:57:14.417: [INFO] VisibilityChanged: 0
2025-07-01 15:57:14.458: [INFO] BookmarkModelLoaded, ids_reassigned: 0
2025-07-01 15:57:14.458: [INFO] OnDoneLoading sync enabled: 1
2025-07-01 15:57:16.982: [INFO] Sync initialization duration: 2350ms
2025-07-01 16:19:43.168: [INFO] VisibilityChanged: 0
2025-07-01 16:19:43.208: [INFO] BookmarkModelLoaded, ids_reassigned: 0
2025-07-01 16:19:43.208: [INFO] OnDoneLoading sync enabled: 1
2025-07-01 16:19:45.770: [INFO] Sync initialization duration: 2385ms
2025-07-02 05:13:37.115: [INFO] VisibilityChanged: 0
2025-07-02 05:13:37.151: [INFO] BookmarkModelLoaded, ids_reassigned: 0
2025-07-02 05:13:37.151: [INFO] OnDoneLoading sync enabled: 1
2025-07-02 05:13:39.532: [INFO] Sync initialization duration: 2181ms
2025-07-02 16:02:04.430: [INFO] VisibilityChanged: 0
2025-07-02 16:02:04.466: [INFO] BookmarkNodeAdded, ABU: 0
2025-07-02 16:02:04.466: [INFO] BookmarkNodeAdded, ABU: 0
2025-07-02 16:02:04.466: [INFO] BookmarkNodeAdded, ABU: 0
2025-07-02 16:02:04.466: [INFO] BookmarkModelLoaded, ids_reassigned: 0
2025-07-02 16:02:04.466: [INFO] OnDoneLoading sync enabled: 0
2025-07-02 16:02:04.615: [INFO] Primary account changed.
2025-07-02 16:02:04.615: [INFO] OnPrimaryAccountChanged PrimaryAccountChangeEvent::Type::kSet
2025-07-02 16:02:36.931: [INFO] VisibilityChanged: 1
2025-07-02 16:02:37.808: [INFO] BookmarkNodeMoved
2025-07-02 16:02:37.809: [INFO] BookmarkNodeMoved
2025-07-02 16:02:37.810: [INFO] BookmarkNodeMoved
2025-07-02 16:02:37.811: [INFO] BookmarkNodeMoved
2025-07-02 16:02:37.812: [INFO] BookmarkNodeMoved
2025-07-02 16:02:37.812: [INFO] BookmarkNodeMoved
2025-07-02 16:02:37.813: [INFO] BookmarkNodeMoved
2025-07-02 16:02:37.814: [INFO] BookmarkNodeMoved
2025-07-02 16:02:37.815: [INFO] BookmarkNodeMoved
2025-07-02 16:02:37.816: [INFO] BookmarkNodeMoved
2025-07-02 16:02:37.817: [INFO] BookmarkNodeMoved
2025-07-02 16:02:37.818: [INFO] BookmarkNodeMoved
2025-07-02 16:02:37.819: [INFO] BookmarkNodeMoved
2025-07-02 16:02:37.820: [INFO] BookmarkNodeMoved
2025-07-02 16:02:37.821: [INFO] BookmarkNodeMoved
2025-07-02 16:02:37.822: [INFO] BookmarkNodeMoved
2025-07-02 16:02:37.823: [INFO] BookmarkNodeMoved
2025-07-02 16:02:37.823: [INFO] BookmarkNodeMoved
2025-07-02 16:02:37.824: [INFO] BookmarkNodeMoved
2025-07-02 16:02:37.824: [INFO] BookmarkNodeMoved
2025-07-02 16:02:37.825: [INFO] BookmarkNodeMoved
2025-07-02 16:02:37.825: [INFO] BookmarkNodeMoved
2025-07-02 16:02:37.825: [INFO] BookmarkNodeMoved
2025-07-02 16:02:37.826: [INFO] BookmarkNodeMoved
2025-07-02 16:02:37.827: [INFO] BookmarkNodeMoved
2025-07-02 16:02:37.827: [INFO] BookmarkNodeMoved
2025-07-02 16:02:37.827: [INFO] BookmarkNodeMoved
2025-07-02 16:02:37.828: [INFO] BookmarkNodeMoved
2025-07-02 16:02:37.829: [INFO] BookmarkNodeMoved
2025-07-02 16:02:37.830: [INFO] BookmarkNodeMoved
2025-07-02 16:02:37.830: [INFO] BookmarkNodeMoved
2025-07-02 16:02:37.831: [INFO] BookmarkNodeMoved
2025-07-02 16:02:37.831: [INFO] BookmarkNodeMoved
2025-07-02 16:02:37.832: [INFO] BookmarkNodeMoved
2025-07-02 16:02:37.833: [INFO] BookmarkNodeMoved
2025-07-02 16:02:37.834: [INFO] BookmarkNodeMoved
2025-07-02 16:02:37.834: [INFO] BookmarkNodeMoved
2025-07-02 16:02:37.835: [INFO] BookmarkNodeMoved
2025-07-02 16:02:37.835: [INFO] BookmarkNodeMoved
2025-07-02 16:02:37.836: [INFO] BookmarkNodeMoved
2025-07-02 16:02:37.836: [INFO] BookmarkNodeMoved
2025-07-02 16:02:37.837: [INFO] BookmarkNodeAdded, ABU: 0
2025-07-02 16:02:58.407: [INFO] Sync initialization duration: 53939ms
2025-07-02 16:34:57.482: [INFO] VisibilityChanged: 0
2025-07-03 02:48:56.908: [INFO] OnDoneLoading sync enabled: 1
2025-07-03 02:49:23.105: [INFO] Sync initialization duration: 16192ms
2025-07-03 02:53:47.711: [INFO] VisibilityChanged: 0
2025-07-03 02:54:13.763: [INFO] OnDoneLoading sync enabled: 1
2025-07-03 02:54:37.277: [INFO] Sync initialization duration: 13554ms
2025-07-03 02:58:23.188: [INFO] VisibilityChanged: 0
2025-07-03 02:59:36.665: [INFO] OnDoneLoading sync enabled: 1
2025-07-03 03:00:02.553: [INFO] Sync initialization duration: 15868ms
2025-07-03 03:01:23.433: [INFO] VisibilityChanged: 0
2025-07-03 03:52:52.322: [INFO] OnDoneLoading sync enabled: 1
2025-07-03 03:52:54.544: [INFO] Sync initialization duration: 2015ms
2025-07-03 03:54:09.011: [INFO] VisibilityChanged: 0
2025-07-03 03:56:52.526: [INFO] OnDoneLoading sync enabled: 1
2025-07-03 03:56:54.720: [INFO] Sync initialization duration: 1953ms
2025-07-03 04:03:10.884: [INFO] VisibilityChanged: 0
2025-07-03 06:18:01.530: [INFO] OnDoneLoading sync enabled: 1
2025-07-03 06:18:06.361: [INFO] Sync initialization duration: 4652ms
2025-07-03 07:09:40.920: [INFO] VisibilityChanged: 0
2025-07-03 07:10:39.501: [INFO] OnDoneLoading sync enabled: 1
2025-07-03 07:10:43.777: [INFO] Sync initialization duration: 4113ms
2025-07-03 07:31:19.574: [INFO] VisibilityChanged: 0
2025-07-03 07:40:00.623: [INFO] OnDoneLoading sync enabled: 1
2025-07-03 07:40:04.404: [INFO] Sync initialization duration: 3582ms
2025-07-03 07:46:28.927: [INFO] VisibilityChanged: 0
2025-07-03 07:47:01.249: [INFO] OnDoneLoading sync enabled: 1
2025-07-03 07:47:04.131: [INFO] Sync initialization duration: 2726ms
2025-07-03 07:55:46.099: [INFO] VisibilityChanged: 0
